
algorithm=CumulativeSum	test=build	amount=100000000	skew=2	alphabetSize=65536	blockSize=2048	real_cycles=39573228402	wall_time=16526297	virt_cycles=39665098641	mem_size=841704	mem_resident=823260	mem_highwatermark=841100	PAPI_TOT_CYC=45726324358	PAPI_L1_DCM=388882054	PAPI_BR_MSP=815646068	
algorithm=CumulativeSum	test=build	amount=100000000	skew=2.2	alphabetSize=65536	blockSize=2048	real_cycles=40140612591	wall_time=16763245	virt_cycles=40234087621	mem_size=856412	mem_resident=837008	mem_highwatermark=868620	PAPI_TOT_CYC=46355205398	PAPI_L1_DCM=405207834	PAPI_BR_MSP=797208242	
algorithm=CumulativeSum	test=build	amount=100000000	skew=2.4	alphabetSize=65536	blockSize=2048	real_cycles=41216748351	wall_time=17212653	virt_cycles=41284256209	mem_size=873576	mem_resident=854264	mem_highwatermark=891740	PAPI_TOT_CYC=47033531968	PAPI_L1_DCM=417923476	PAPI_BR_MSP=763119323	
algorithm=CumulativeSum	test=build	amount=100000000	skew=2.6	alphabetSize=65536	blockSize=2048	real_cycles=43885260407	wall_time=18327057	virt_cycles=43837198692	mem_size=883748	mem_resident=851740	mem_highwatermark=879164	PAPI_TOT_CYC=47580746949	PAPI_L1_DCM=424357284	PAPI_BR_MSP=728520826	
algorithm=CumulativeSum	test=build	amount=100000000	skew=2.8	alphabetSize=65536	blockSize=2048	real_cycles=41565359925	wall_time=17358237	virt_cycles=41655556453	mem_size=862812	mem_resident=841864	mem_highwatermark=904164	PAPI_TOT_CYC=47224803276	PAPI_L1_DCM=431219595	PAPI_BR_MSP=692681440	
algorithm=CumulativeSum	test=build	amount=100000000	skew=3	alphabetSize=65536	blockSize=2048	real_cycles=40865287563	wall_time=17065878	virt_cycles=40966080491	mem_size=858944	mem_resident=840928	mem_highwatermark=876168	PAPI_TOT_CYC=46883769392	PAPI_L1_DCM=431099678	PAPI_BR_MSP=665476380	
algorithm=CumulativeSum	test=build	amount=100000000	skew=3.2	alphabetSize=65536	blockSize=2048	real_cycles=42787803489	wall_time=17868746	virt_cycles=42884892463	mem_size=891632	mem_resident=867188	mem_highwatermark=1051420	PAPI_TOT_CYC=47706881126	PAPI_L1_DCM=447510205	PAPI_BR_MSP=630168059	
algorithm=CumulativeSum	test=build	amount=100000000	skew=3.4	alphabetSize=65536	blockSize=2048	real_cycles=41720199690	wall_time=17422901	virt_cycles=41803719762	mem_size=886068	mem_resident=868732	mem_highwatermark=1039848	PAPI_TOT_CYC=48258514966	PAPI_L1_DCM=461593807	PAPI_BR_MSP=609967026	
algorithm=CumulativeSum	test=build	amount=100000000	skew=3.6	alphabetSize=65536	blockSize=2048	real_cycles=41854945593	wall_time=17479172	virt_cycles=41952740228	mem_size=901920	mem_resident=880688	mem_highwatermark=1031368	PAPI_TOT_CYC=48749882753	PAPI_L1_DCM=470758578	PAPI_BR_MSP=583138721	
algorithm=CumulativeSum	test=build	amount=100000000	skew=3.8	alphabetSize=65536	blockSize=2048	real_cycles=42728224071	wall_time=17843865	virt_cycles=42836108945	mem_size=902516	mem_resident=880916	mem_highwatermark=1026264	PAPI_TOT_CYC=49312470519	PAPI_L1_DCM=477294208	PAPI_BR_MSP=572111163	
algorithm=CumulativeSum	test=build	amount=100000000	skew=4	alphabetSize=65536	blockSize=2048	real_cycles=43073813739	wall_time=17988187	virt_cycles=43170280125	mem_size=912252	mem_resident=889908	mem_highwatermark=1019448	PAPI_TOT_CYC=50275431660	PAPI_L1_DCM=488506032	PAPI_BR_MSP=559835767	
algorithm=CumulativeSum	test=build	amount=100000000	skew=4.2	alphabetSize=65536	blockSize=2048	real_cycles=43578444984	wall_time=18198929	virt_cycles=43681294559	mem_size=913896	mem_resident=894000	mem_highwatermark=1014832	PAPI_TOT_CYC=50985355447	PAPI_L1_DCM=502466722	PAPI_BR_MSP=540213833	
algorithm=CumulativeSum	test=build	amount=100000000	skew=4.4	alphabetSize=65536	blockSize=2048	real_cycles=44138623245	wall_time=18432866	virt_cycles=44250144281	mem_size=925000	mem_resident=903684	mem_highwatermark=1009000	PAPI_TOT_CYC=51741027934	PAPI_L1_DCM=511486747	PAPI_BR_MSP=529744713	
algorithm=CumulativeSum	test=build	amount=100000000	skew=4.6	alphabetSize=65536	blockSize=2048	real_cycles=45133433925	wall_time=18848313	virt_cycles=45230787112	mem_size=935996	mem_resident=915600	mem_highwatermark=1004432	PAPI_TOT_CYC=52811178430	PAPI_L1_DCM=523330143	PAPI_BR_MSP=520716780	
algorithm=CumulativeSum	test=build	amount=100000000	skew=4.8	alphabetSize=65536	blockSize=2048	real_cycles=46952035098	wall_time=19607783	virt_cycles=47054104111	mem_size=943208	mem_resident=922444	mem_highwatermark=1000196	PAPI_TOT_CYC=54627642961	PAPI_L1_DCM=533171165	PAPI_BR_MSP=512443166	
algorithm=CumulativeSum	test=build	amount=100000000	skew=5	alphabetSize=65536	blockSize=2048	real_cycles=48749775117	wall_time=20358543	virt_cycles=48866035568	mem_size=949000	mem_resident=928128	mem_highwatermark=997888	PAPI_TOT_CYC=54809406801	PAPI_L1_DCM=543266907	PAPI_BR_MSP=505594632	
algorithm=CumulativeSum	test=build	amount=100000000	skew=5.2	alphabetSize=65536	blockSize=2048	real_cycles=51889217853	wall_time=21669615	virt_cycles=51983032976	mem_size=951716	mem_resident=930348	mem_highwatermark=993940	PAPI_TOT_CYC=57079200400	PAPI_L1_DCM=553709705	PAPI_BR_MSP=493595383	
algorithm=CumulativeSum	test=build	amount=100000000	skew=5.4	alphabetSize=65536	blockSize=2048	real_cycles=49448013423	wall_time=20650137	virt_cycles=49561480416	mem_size=957560	mem_resident=935828	mem_highwatermark=991732	PAPI_TOT_CYC=56654743200	PAPI_L1_DCM=562203635	PAPI_BR_MSP=487443177	
algorithm=CumulativeSum	test=build	amount=100000000	skew=5.6	alphabetSize=65536	blockSize=2048	real_cycles=52427393337	wall_time=21894365	virt_cycles=52530881151	mem_size=959336	mem_resident=937104	mem_highwatermark=1001156	PAPI_TOT_CYC=59062293596	PAPI_L1_DCM=580206290	PAPI_BR_MSP=480846932	
algorithm=CumulativeSum	test=build	amount=100000000	skew=5.8	alphabetSize=65536	blockSize=2048	real_cycles=53716879719	wall_time=22432872	virt_cycles=53844264166	mem_size=972324	mem_resident=949424	mem_highwatermark=997852	PAPI_TOT_CYC=58161671315	PAPI_L1_DCM=588668650	PAPI_BR_MSP=474888307	
algorithm=CumulativeSum	test=build	amount=100000000	skew=6	alphabetSize=65536	blockSize=2048	real_cycles=53776175421	wall_time=22457634	virt_cycles=53877722101	mem_size=980032	mem_resident=956616	mem_highwatermark=993648	PAPI_TOT_CYC=59949148496	PAPI_L1_DCM=596257812	PAPI_BR_MSP=471295346	

algorithm=CumulativeSum	test=rank	amount=100000000	skew=2	alphabetSize=65536	blockSize=8	real_cycles=91095195	wall_time=38043	virt_cycles=6533121	mem_size=1554892	mem_resident=1536520	mem_highwatermark=1536520	PAPI_TOT_CYC=5937571	PAPI_L1_DCM=63745	PAPI_BR_MSP=23668	
algorithm=CumulativeSum	test=rank	amount=100000000	skew=2.2	alphabetSize=65536	blockSize=8	real_cycles=196029447	wall_time=81863	virt_cycles=7303842	mem_size=1557792	mem_resident=1536796	mem_highwatermark=1536796	PAPI_TOT_CYC=5937960	PAPI_L1_DCM=64288	PAPI_BR_MSP=23734	
algorithm=CumulativeSum	test=rank	amount=100000000	skew=2.4	alphabetSize=65536	blockSize=8	real_cycles=49155783	wall_time=20523	virt_cycles=5738390	mem_size=1567008	mem_resident=1548972	mem_highwatermark=1548972	PAPI_TOT_CYC=5902901	PAPI_L1_DCM=65636	PAPI_BR_MSP=24182	
algorithm=CumulativeSum	test=rank	amount=100000000	skew=2.6	alphabetSize=65536	blockSize=8	real_cycles=126745869	wall_time=52929	virt_cycles=9445534	mem_size=1589628	mem_resident=1569520	mem_highwatermark=1571524	PAPI_TOT_CYC=4463020	PAPI_L1_DCM=65926	PAPI_BR_MSP=23892	
algorithm=CumulativeSum	test=rank	amount=100000000	skew=2.8	alphabetSize=65536	blockSize=8	real_cycles=94085616	wall_time=39291	virt_cycles=7121366	mem_size=1599812	mem_resident=1581200	mem_highwatermark=1581200	PAPI_TOT_CYC=5742435	PAPI_L1_DCM=67596	PAPI_BR_MSP=24807	
algorithm=CumulativeSum	test=rank	amount=100000000	skew=3	alphabetSize=65536	blockSize=8	real_cycles=148707216	wall_time=62098	virt_cycles=14598080	mem_size=1698272	mem_resident=1601324	mem_highwatermark=1602916	PAPI_TOT_CYC=4805098	PAPI_L1_DCM=69413	PAPI_BR_MSP=24541	
algorithm=CumulativeSum	test=rank	amount=100000000	skew=3.2	alphabetSize=65536	blockSize=8	real_cycles=6351168	wall_time=2647	virt_cycles=6309828	mem_size=1655384	mem_resident=1631544	mem_highwatermark=1631544	PAPI_TOT_CYC=5523463	PAPI_L1_DCM=69152	PAPI_BR_MSP=24838	
algorithm=CumulativeSum	test=rank	amount=100000000	skew=3.4	alphabetSize=65536	blockSize=8	real_cycles=5427432	wall_time=2266	virt_cycles=5426260	mem_size=1668920	mem_resident=1651244	mem_highwatermark=1651244	PAPI_TOT_CYC=6028662	PAPI_L1_DCM=68325	PAPI_BR_MSP=24582	
algorithm=CumulativeSum	test=rank	amount=100000000	skew=3.6	alphabetSize=65536	blockSize=8	real_cycles=7315566	wall_time=3051	virt_cycles=7263025	mem_size=1703116	mem_resident=1685308	mem_highwatermark=1685308	PAPI_TOT_CYC=5534111	PAPI_L1_DCM=69463	PAPI_BR_MSP=25162	
algorithm=CumulativeSum	test=rank	amount=100000000	skew=3.8	alphabetSize=65536	blockSize=8	real_cycles=5981781	wall_time=2493	virt_cycles=5848836	mem_size=1718144	mem_resident=1700400	mem_highwatermark=1700400	PAPI_TOT_CYC=5121747	PAPI_L1_DCM=70158	PAPI_BR_MSP=24424	
algorithm=CumulativeSum	test=rank	amount=100000000	skew=4	alphabetSize=65536	blockSize=8	real_cycles=5122776	wall_time=2138	virt_cycles=5140541	mem_size=1742744	mem_resident=1723472	mem_highwatermark=1723472	PAPI_TOT_CYC=5585643	PAPI_L1_DCM=70278	PAPI_BR_MSP=25014	
algorithm=CumulativeSum	test=rank	amount=100000000	skew=4.2	alphabetSize=65536	blockSize=8	real_cycles=9067953	wall_time=3782	virt_cycles=8974938	mem_size=1771968	mem_resident=1754888	mem_highwatermark=1754888	PAPI_TOT_CYC=4188510	PAPI_L1_DCM=72606	PAPI_BR_MSP=25313	
algorithm=CumulativeSum	test=rank	amount=100000000	skew=4.4	alphabetSize=65536	blockSize=8	real_cycles=5138600	wall_time=2146	virt_cycles=5154947	mem_size=1799100	mem_resident=1781468	mem_highwatermark=1781468	PAPI_TOT_CYC=5763242	PAPI_L1_DCM=73576	PAPI_BR_MSP=25030	
algorithm=CumulativeSum	test=rank	amount=100000000	skew=4.6	alphabetSize=65536	blockSize=8	real_cycles=5449230	wall_time=2274	virt_cycles=5467077	mem_size=1823436	mem_resident=1806144	mem_highwatermark=1806144	PAPI_TOT_CYC=6049513	PAPI_L1_DCM=74176	PAPI_BR_MSP=26247	
algorithm=CumulativeSum	test=rank	amount=100000000	skew=4.8	alphabetSize=65536	blockSize=8	real_cycles=6799629	wall_time=2839	virt_cycles=6746810	mem_size=1850100	mem_resident=1832120	mem_highwatermark=1832120	PAPI_TOT_CYC=7191425	PAPI_L1_DCM=78102	PAPI_BR_MSP=26305	
algorithm=CumulativeSum	test=rank	amount=100000000	skew=5	alphabetSize=65536	blockSize=8	real_cycles=13495392	wall_time=5633	virt_cycles=13539239	mem_size=1869032	mem_resident=1851788	mem_highwatermark=1851788	PAPI_TOT_CYC=4230169	PAPI_L1_DCM=78700	PAPI_BR_MSP=26380	
algorithm=CumulativeSum	test=rank	amount=100000000	skew=5.2	alphabetSize=65536	blockSize=8	real_cycles=6940988	wall_time=2893	virt_cycles=6850053	mem_size=1905288	mem_resident=1887780	mem_highwatermark=1887780	PAPI_TOT_CYC=6935606	PAPI_L1_DCM=81099	PAPI_BR_MSP=26592	
algorithm=CumulativeSum	test=rank	amount=100000000	skew=5.4	alphabetSize=65536	blockSize=8	real_cycles=6250650	wall_time=2609	virt_cycles=6273813	mem_size=1926204	mem_resident=1909592	mem_highwatermark=1911480	PAPI_TOT_CYC=6912118	PAPI_L1_DCM=82517	PAPI_BR_MSP=26950	
algorithm=CumulativeSum	test=rank	amount=100000000	skew=5.6	alphabetSize=65536	blockSize=8	real_cycles=16826928	wall_time=7024	virt_cycles=16780589	mem_size=1954620	mem_resident=1938752	mem_highwatermark=1942856	PAPI_TOT_CYC=5227987	PAPI_L1_DCM=83994	PAPI_BR_MSP=27537	
algorithm=CumulativeSum	test=rank	amount=100000000	skew=5.8	alphabetSize=65536	blockSize=8	real_cycles=10457960	wall_time=4362	virt_cycles=10389127	mem_size=1983192	mem_resident=1962012	mem_highwatermark=1962012	PAPI_TOT_CYC=6176138	PAPI_L1_DCM=86320	PAPI_BR_MSP=27854	
algorithm=CumulativeSum	test=rank	amount=100000000	skew=6	alphabetSize=65536	blockSize=8	real_cycles=15700830	wall_time=6552	virt_cycles=15616104	mem_size=2007012	mem_resident=1984016	mem_highwatermark=1984016	PAPI_TOT_CYC=4902516	PAPI_L1_DCM=87065	PAPI_BR_MSP=27596	

algorithm=CumulativeSum	test=select	amount=100000000	skew=2	alphabetSize=65536	blockSize=2048	real_cycles=17010486	wall_time=7103	virt_cycles=16979872	mem_size=841220	mem_resident=824692	mem_highwatermark=841688	PAPI_TOT_CYC=19089156	PAPI_L1_DCM=227210	PAPI_BR_MSP=373852	
algorithm=CumulativeSum	test=select	amount=100000000	skew=2.2	alphabetSize=65536	blockSize=2048	real_cycles=16322976	wall_time=6816	virt_cycles=16324399	mem_size=855924	mem_resident=838084	mem_highwatermark=870504	PAPI_TOT_CYC=19479459	PAPI_L1_DCM=221331	PAPI_BR_MSP=375429	
algorithm=CumulativeSum	test=select	amount=100000000	skew=2.4	alphabetSize=65536	blockSize=2048	real_cycles=17542332	wall_time=7325	virt_cycles=17500889	mem_size=873092	mem_resident=855180	mem_highwatermark=893720	PAPI_TOT_CYC=19734509	PAPI_L1_DCM=227831	PAPI_BR_MSP=373718	
algorithm=CumulativeSum	test=select	amount=100000000	skew=2.6	alphabetSize=65536	blockSize=2048	real_cycles=17708352	wall_time=7394	virt_cycles=17664157	mem_size=883260	mem_resident=853868	mem_highwatermark=880000	PAPI_TOT_CYC=20399532	PAPI_L1_DCM=231017	PAPI_BR_MSP=372188	
algorithm=CumulativeSum	test=select	amount=100000000	skew=2.8	alphabetSize=65536	blockSize=2048	real_cycles=16212342	wall_time=6770	virt_cycles=16185141	mem_size=862324	mem_resident=844324	mem_highwatermark=906784	PAPI_TOT_CYC=19694065	PAPI_L1_DCM=235553	PAPI_BR_MSP=365112	
algorithm=CumulativeSum	test=select	amount=100000000	skew=3	alphabetSize=65536	blockSize=2048	real_cycles=16740855	wall_time=6990	virt_cycles=16720564	mem_size=858460	mem_resident=842208	mem_highwatermark=877424	PAPI_TOT_CYC=19809566	PAPI_L1_DCM=240604	PAPI_BR_MSP=359649	
algorithm=CumulativeSum	test=select	amount=100000000	skew=3.2	alphabetSize=65536	blockSize=2048	real_cycles=17191644	wall_time=7178	virt_cycles=17183957	mem_size=891148	mem_resident=868684	mem_highwatermark=1050948	PAPI_TOT_CYC=19578979	PAPI_L1_DCM=248384	PAPI_BR_MSP=352048	
algorithm=CumulativeSum	test=select	amount=100000000	skew=3.4	alphabetSize=65536	blockSize=2048	real_cycles=17167461	wall_time=7169	virt_cycles=17200764	mem_size=885580	mem_resident=869120	mem_highwatermark=1039764	PAPI_TOT_CYC=19549989	PAPI_L1_DCM=252984	PAPI_BR_MSP=343925	
algorithm=CumulativeSum	test=select	amount=100000000	skew=3.6	alphabetSize=65536	blockSize=2048	real_cycles=17296530	wall_time=7222	virt_cycles=17267992	mem_size=901432	mem_resident=883012	mem_highwatermark=1031124	PAPI_TOT_CYC=19558523	PAPI_L1_DCM=262187	PAPI_BR_MSP=335317	
algorithm=CumulativeSum	test=select	amount=100000000	skew=3.8	alphabetSize=65536	blockSize=2048	real_cycles=17408019	wall_time=7269	virt_cycles=17428859	mem_size=902032	mem_resident=882148	mem_highwatermark=1025800	PAPI_TOT_CYC=19888289	PAPI_L1_DCM=268975	PAPI_BR_MSP=332582	
algorithm=CumulativeSum	test=select	amount=100000000	skew=4	alphabetSize=65536	blockSize=2048	real_cycles=17057502	wall_time=7123	virt_cycles=17073511	mem_size=911768	mem_resident=891216	mem_highwatermark=1019128	PAPI_TOT_CYC=20328087	PAPI_L1_DCM=276081	PAPI_BR_MSP=329056	
algorithm=CumulativeSum	test=select	amount=100000000	skew=4.2	alphabetSize=65536	blockSize=2048	real_cycles=18613365	wall_time=7772	virt_cycles=18593344	mem_size=913412	mem_resident=893900	mem_highwatermark=1013280	PAPI_TOT_CYC=20608067	PAPI_L1_DCM=282922	PAPI_BR_MSP=324144	
algorithm=CumulativeSum	test=select	amount=100000000	skew=4.4	alphabetSize=65536	blockSize=2048	real_cycles=17166828	wall_time=7168	virt_cycles=17167150	mem_size=924516	mem_resident=905908	mem_highwatermark=1009380	PAPI_TOT_CYC=20956464	PAPI_L1_DCM=290182	PAPI_BR_MSP=323511	
algorithm=CumulativeSum	test=select	amount=100000000	skew=4.6	alphabetSize=65536	blockSize=2048	real_cycles=19248450	wall_time=8038	virt_cycles=19244015	mem_size=935508	mem_resident=915632	mem_highwatermark=1004420	PAPI_TOT_CYC=21987910	PAPI_L1_DCM=289762	PAPI_BR_MSP=316971	
algorithm=CumulativeSum	test=select	amount=100000000	skew=4.8	alphabetSize=65536	blockSize=2048	real_cycles=18577971	wall_time=7758	virt_cycles=18533319	mem_size=942724	mem_resident=923096	mem_highwatermark=1000596	PAPI_TOT_CYC=20788786	PAPI_L1_DCM=306948	PAPI_BR_MSP=317683	
algorithm=CumulativeSum	test=select	amount=100000000	skew=5	alphabetSize=65536	blockSize=2048	real_cycles=19537035	wall_time=8159	virt_cycles=19524932	mem_size=948516	mem_resident=929536	mem_highwatermark=997580	PAPI_TOT_CYC=22032400	PAPI_L1_DCM=315939	PAPI_BR_MSP=316496	
algorithm=CumulativeSum	test=select	amount=100000000	skew=5.2	alphabetSize=65536	blockSize=2048	real_cycles=19061358	wall_time=7960	virt_cycles=19025524	mem_size=951232	mem_resident=931992	mem_highwatermark=993356	PAPI_TOT_CYC=21402139	PAPI_L1_DCM=326093	PAPI_BR_MSP=314827	
algorithm=CumulativeSum	test=select	amount=100000000	skew=5.4	alphabetSize=65536	blockSize=2048	real_cycles=18222087	wall_time=7609	virt_cycles=18209184	mem_size=957072	mem_resident=937648	mem_highwatermark=992384	PAPI_TOT_CYC=22147070	PAPI_L1_DCM=332269	PAPI_BR_MSP=313189	
algorithm=CumulativeSum	test=select	amount=100000000	skew=5.6	alphabetSize=65536	blockSize=2048	real_cycles=19304022	wall_time=8060	virt_cycles=19284832	mem_size=958852	mem_resident=938620	mem_highwatermark=1000236	PAPI_TOT_CYC=21746013	PAPI_L1_DCM=336283	PAPI_BR_MSP=309038	
algorithm=CumulativeSum	test=select	amount=100000000	skew=5.8	alphabetSize=65536	blockSize=2048	real_cycles=19856610	wall_time=8292	virt_cycles=19870676	mem_size=971840	mem_resident=949968	mem_highwatermark=999264	PAPI_TOT_CYC=22632188	PAPI_L1_DCM=351868	PAPI_BR_MSP=313020	
algorithm=CumulativeSum	test=select	amount=100000000	skew=6	alphabetSize=65536	blockSize=2048	real_cycles=19188348	wall_time=8013	virt_cycles=19164782	mem_size=979548	mem_resident=956896	mem_highwatermark=993544	PAPI_TOT_CYC=22911651	PAPI_L1_DCM=355263	PAPI_BR_MSP=311524	

