algorithm=CumulativeSum	test=select	amount=100000000	alphabetSize=65536	blockSize=4	real_cycles=23661578	wall_time=9121	virt_cycles=23604075	mem_size=2432116	mem_resident=2416244	mem_highwatermark=2416244	PAPI_TOT_CYC=27327271	PAPI_L1_DCM=523654	PAPI_BR_MSP=175358	
algorithm=CumulativeSum	test=select	amount=100000000	alphabetSize=65536	blockSize=4	real_cycles=21552541	wall_time=8307	virt_cycles=21518073	mem_size=2432116	mem_resident=2416244	mem_highwatermark=2416244	PAPI_TOT_CYC=24058008	PAPI_L1_DCM=518008	PAPI_BR_MSP=175761	
algorithm=CumulativeSum	test=select	amount=100000000	alphabetSize=65536	blockSize=4	real_cycles=21371578	wall_time=8239	virt_cycles=21317796	mem_size=2432116	mem_resident=2416240	mem_highwatermark=2416240	PAPI_TOT_CYC=23488328	PAPI_L1_DCM=520138	PAPI_BR_MSP=174926	
algorithm=CumulativeSum	test=select	amount=100000000	alphabetSize=65536	blockSize=4	real_cycles=21400730	wall_time=8249	virt_cycles=21382821	mem_size=2432116	mem_resident=2416244	mem_highwatermark=2416244	PAPI_TOT_CYC=24349318	PAPI_L1_DCM=517749	PAPI_BR_MSP=174776	
algorithm=CumulativeSum	test=select	amount=100000000	alphabetSize=65536	blockSize=4	real_cycles=25507393	wall_time=9832	virt_cycles=25515810	mem_size=2432116	mem_resident=2416244	mem_highwatermark=2416244	PAPI_TOT_CYC=28743812	PAPI_L1_DCM=469841	PAPI_BR_MSP=174783	
algorithm=CumulativeSum	test=select	amount=100000000	alphabetSize=65536	blockSize=8	real_cycles=20337452	wall_time=7839	virt_cycles=20352825	mem_size=1601888	mem_resident=1586000	mem_highwatermark=1586000	PAPI_TOT_CYC=22499009	PAPI_L1_DCM=448345	PAPI_BR_MSP=188348	
algorithm=CumulativeSum	test=select	amount=100000000	alphabetSize=65536	blockSize=8	real_cycles=19632583	wall_time=7568	virt_cycles=19637550	mem_size=1601888	mem_resident=1586000	mem_highwatermark=1586000	PAPI_TOT_CYC=23289883	PAPI_L1_DCM=446195	PAPI_BR_MSP=188740	
algorithm=CumulativeSum	test=select	amount=100000000	alphabetSize=65536	blockSize=8	real_cycles=20605699	wall_time=7942	virt_cycles=20576511	mem_size=1601888	mem_resident=1586000	mem_highwatermark=1586000	PAPI_TOT_CYC=22906649	PAPI_L1_DCM=445934	PAPI_BR_MSP=189175	
algorithm=CumulativeSum	test=select	amount=100000000	alphabetSize=65536	blockSize=8	real_cycles=20375380	wall_time=7854	virt_cycles=20350224	mem_size=1601888	mem_resident=1586000	mem_highwatermark=1586000	PAPI_TOT_CYC=22931371	PAPI_L1_DCM=447863	PAPI_BR_MSP=188289	
algorithm=CumulativeSum	test=select	amount=100000000	alphabetSize=65536	blockSize=8	real_cycles=21026807	wall_time=8105	virt_cycles=20893833	mem_size=1601888	mem_resident=1585996	mem_highwatermark=1585996	PAPI_TOT_CYC=23187106	PAPI_L1_DCM=441176	PAPI_BR_MSP=189321	
algorithm=CumulativeSum	test=select	amount=100000000	alphabetSize=65536	blockSize=16	real_cycles=22072389	wall_time=8508	virt_cycles=22040874	mem_size=1186620	mem_resident=1170788	mem_highwatermark=1170788	PAPI_TOT_CYC=24808309	PAPI_L1_DCM=382413	PAPI_BR_MSP=217326	
algorithm=CumulativeSum	test=select	amount=100000000	alphabetSize=65536	blockSize=16	real_cycles=20023695	wall_time=7718	virt_cycles=19978281	mem_size=1186620	mem_resident=1170792	mem_highwatermark=1170792	PAPI_TOT_CYC=22385781	PAPI_L1_DCM=381779	PAPI_BR_MSP=216832	
algorithm=CumulativeSum	test=select	amount=100000000	alphabetSize=65536	blockSize=16	real_cycles=22243881	wall_time=8574	virt_cycles=22181328	mem_size=1186620	mem_resident=1170784	mem_highwatermark=1170784	PAPI_TOT_CYC=25163409	PAPI_L1_DCM=383790	PAPI_BR_MSP=218072	
algorithm=CumulativeSum	test=select	amount=100000000	alphabetSize=65536	blockSize=16	real_cycles=20327014	wall_time=7836	virt_cycles=20316411	mem_size=1186620	mem_resident=1170788	mem_highwatermark=1170788	PAPI_TOT_CYC=22962939	PAPI_L1_DCM=384114	PAPI_BR_MSP=217524	
algorithm=CumulativeSum	test=select	amount=100000000	alphabetSize=65536	blockSize=16	real_cycles=19978820	wall_time=7702	virt_cycles=19993887	mem_size=1186620	mem_resident=1170788	mem_highwatermark=1170788	PAPI_TOT_CYC=22323608	PAPI_L1_DCM=383528	PAPI_BR_MSP=217102	
algorithm=CumulativeSum	test=select	amount=100000000	alphabetSize=65536	blockSize=32	real_cycles=20317039	wall_time=7831	virt_cycles=20306007	mem_size=979820	mem_resident=964164	mem_highwatermark=964164	PAPI_TOT_CYC=23663541	PAPI_L1_DCM=323917	PAPI_BR_MSP=278582	
algorithm=CumulativeSum	test=select	amount=100000000	alphabetSize=65536	blockSize=32	real_cycles=25081686	wall_time=9668	virt_cycles=25110054	mem_size=979820	mem_resident=964240	mem_highwatermark=964240	PAPI_TOT_CYC=28318603	PAPI_L1_DCM=325192	PAPI_BR_MSP=277564	
algorithm=CumulativeSum	test=select	amount=100000000	alphabetSize=65536	blockSize=32	real_cycles=20408356	wall_time=7866	virt_cycles=20358027	mem_size=979820	mem_resident=964168	mem_highwatermark=964168	PAPI_TOT_CYC=23561027	PAPI_L1_DCM=323804	PAPI_BR_MSP=278700	
algorithm=CumulativeSum	test=select	amount=100000000	alphabetSize=65536	blockSize=32	real_cycles=20334355	wall_time=7838	virt_cycles=20298204	mem_size=979820	mem_resident=964168	mem_highwatermark=964168	PAPI_TOT_CYC=23411763	PAPI_L1_DCM=322761	PAPI_BR_MSP=278833	
algorithm=CumulativeSum	test=select	amount=100000000	alphabetSize=65536	blockSize=32	real_cycles=20018365	wall_time=7716	virt_cycles=19980882	mem_size=979820	mem_resident=964264	mem_highwatermark=964264	PAPI_TOT_CYC=23480360	PAPI_L1_DCM=322831	PAPI_BR_MSP=278428	
algorithm=CumulativeSum	test=select	amount=100000000	alphabetSize=65536	blockSize=64	real_cycles=21378864	wall_time=8240	virt_cycles=21385422	mem_size=905292	mem_resident=887432	mem_highwatermark=893404	PAPI_TOT_CYC=25156471	PAPI_L1_DCM=276229	PAPI_BR_MSP=390263	
algorithm=CumulativeSum	test=select	amount=100000000	alphabetSize=65536	blockSize=64	real_cycles=23152033	wall_time=8925	virt_cycles=23130693	mem_size=905292	mem_resident=887484	mem_highwatermark=891296	PAPI_TOT_CYC=26479328	PAPI_L1_DCM=277041	PAPI_BR_MSP=390409	
algorithm=CumulativeSum	test=select	amount=100000000	alphabetSize=65536	blockSize=64	real_cycles=23311279	wall_time=8986	virt_cycles=23281551	mem_size=905292	mem_resident=887176	mem_highwatermark=893212	PAPI_TOT_CYC=26557723	PAPI_L1_DCM=274852	PAPI_BR_MSP=390933	
algorithm=CumulativeSum	test=select	amount=100000000	alphabetSize=65536	blockSize=64	real_cycles=21798671	wall_time=8403	virt_cycles=21762567	mem_size=905292	mem_resident=889640	mem_highwatermark=893332	PAPI_TOT_CYC=24643796	PAPI_L1_DCM=275191	PAPI_BR_MSP=390226	
algorithm=CumulativeSum	test=select	amount=100000000	alphabetSize=65536	blockSize=64	real_cycles=23751480	wall_time=9154	virt_cycles=23695110	mem_size=905292	mem_resident=888680	mem_highwatermark=893532	PAPI_TOT_CYC=26956551	PAPI_L1_DCM=274252	PAPI_BR_MSP=391125	
algorithm=CumulativeSum	test=select	amount=100000000	alphabetSize=65536	blockSize=128	real_cycles=20628965	wall_time=7951	virt_cycles=20599920	mem_size=868660	mem_resident=853000	mem_highwatermark=868192	PAPI_TOT_CYC=23593550	PAPI_L1_DCM=232810	PAPI_BR_MSP=390297	
algorithm=CumulativeSum	test=select	amount=100000000	alphabetSize=65536	blockSize=128	real_cycles=22874537	wall_time=8816	virt_cycles=22831578	mem_size=868660	mem_resident=853004	mem_highwatermark=868224	PAPI_TOT_CYC=25508422	PAPI_L1_DCM=235585	PAPI_BR_MSP=391535	
algorithm=CumulativeSum	test=select	amount=100000000	alphabetSize=65536	blockSize=128	real_cycles=23428649	wall_time=9031	virt_cycles=23432409	mem_size=868660	mem_resident=853008	mem_highwatermark=866080	PAPI_TOT_CYC=26444084	PAPI_L1_DCM=236180	PAPI_BR_MSP=392022	
algorithm=CumulativeSum	test=select	amount=100000000	alphabetSize=65536	blockSize=128	real_cycles=20594158	wall_time=7938	virt_cycles=20555703	mem_size=868660	mem_resident=853008	mem_highwatermark=866224	PAPI_TOT_CYC=23479815	PAPI_L1_DCM=232359	PAPI_BR_MSP=391305	
algorithm=CumulativeSum	test=select	amount=100000000	alphabetSize=65536	blockSize=128	real_cycles=24840242	wall_time=9575	virt_cycles=24865560	mem_size=868660	mem_resident=853008	mem_highwatermark=868668	PAPI_TOT_CYC=27994945	PAPI_L1_DCM=252660	PAPI_BR_MSP=391296	
algorithm=CumulativeSum	test=select	amount=100000000	alphabetSize=65536	blockSize=256	real_cycles=19747488	wall_time=7612	virt_cycles=19749393	mem_size=847700	mem_resident=832048	mem_highwatermark=845776	PAPI_TOT_CYC=22660865	PAPI_L1_DCM=245641	PAPI_BR_MSP=389811	
algorithm=CumulativeSum	test=select	amount=100000000	alphabetSize=65536	blockSize=256	real_cycles=19756487	wall_time=7615	virt_cycles=19738989	mem_size=847700	mem_resident=832044	mem_highwatermark=845524	PAPI_TOT_CYC=22353684	PAPI_L1_DCM=246010	PAPI_BR_MSP=389177	
algorithm=CumulativeSum	test=select	amount=100000000	alphabetSize=65536	blockSize=256	real_cycles=19458384	wall_time=7500	virt_cycles=19403460	mem_size=847700	mem_resident=832048	mem_highwatermark=847640	PAPI_TOT_CYC=22802838	PAPI_L1_DCM=244694	PAPI_BR_MSP=388448	
algorithm=CumulativeSum	test=select	amount=100000000	alphabetSize=65536	blockSize=256	real_cycles=19961295	wall_time=7695	virt_cycles=19960074	mem_size=847700	mem_resident=832044	mem_highwatermark=847116	PAPI_TOT_CYC=22668899	PAPI_L1_DCM=246424	PAPI_BR_MSP=389389	
algorithm=CumulativeSum	test=select	amount=100000000	alphabetSize=65536	blockSize=256	real_cycles=19886721	wall_time=7665	virt_cycles=19845630	mem_size=847700	mem_resident=832044	mem_highwatermark=846584	PAPI_TOT_CYC=22808145	PAPI_L1_DCM=243658	PAPI_BR_MSP=388489	
algorithm=CumulativeSum	test=select	amount=100000000	alphabetSize=65536	blockSize=512	real_cycles=21168454	wall_time=8159	virt_cycles=21164337	mem_size=833844	mem_resident=818192	mem_highwatermark=839656	PAPI_TOT_CYC=24153975	PAPI_L1_DCM=227269	PAPI_BR_MSP=383345	
algorithm=CumulativeSum	test=select	amount=100000000	alphabetSize=65536	blockSize=512	real_cycles=19190008	wall_time=7397	virt_cycles=19174572	mem_size=833844	mem_resident=818192	mem_highwatermark=839428	PAPI_TOT_CYC=21656716	PAPI_L1_DCM=220940	PAPI_BR_MSP=383922	
algorithm=CumulativeSum	test=select	amount=100000000	alphabetSize=65536	blockSize=512	real_cycles=18879128	wall_time=7276	virt_cycles=18841644	mem_size=833844	mem_resident=818192	mem_highwatermark=838060	PAPI_TOT_CYC=21784697	PAPI_L1_DCM=220913	PAPI_BR_MSP=384298	
algorithm=CumulativeSum	test=select	amount=100000000	alphabetSize=65536	blockSize=512	real_cycles=19826243	wall_time=7643	virt_cycles=19827423	mem_size=833844	mem_resident=818188	mem_highwatermark=837608	PAPI_TOT_CYC=22300385	PAPI_L1_DCM=224274	PAPI_BR_MSP=384647	
algorithm=CumulativeSum	test=select	amount=100000000	alphabetSize=65536	blockSize=512	real_cycles=18654007	wall_time=7190	virt_cycles=18669978	mem_size=833844	mem_resident=818192	mem_highwatermark=839284	PAPI_TOT_CYC=21867201	PAPI_L1_DCM=221590	PAPI_BR_MSP=384258	
algorithm=CumulativeSum	test=select	amount=100000000	alphabetSize=65536	blockSize=1024	real_cycles=18397960	wall_time=7092	virt_cycles=18409878	mem_size=837032	mem_resident=820524	mem_highwatermark=839372	PAPI_TOT_CYC=21004100	PAPI_L1_DCM=213304	PAPI_BR_MSP=379286	
algorithm=CumulativeSum	test=select	amount=100000000	alphabetSize=65536	blockSize=1024	real_cycles=17909273	wall_time=6903	virt_cycles=17871471	mem_size=837032	mem_resident=821496	mem_highwatermark=836280	PAPI_TOT_CYC=21162935	PAPI_L1_DCM=214288	PAPI_BR_MSP=379290	
algorithm=CumulativeSum	test=select	amount=100000000	alphabetSize=65536	blockSize=1024	real_cycles=19252061	wall_time=7421	virt_cycles=19244799	mem_size=837032	mem_resident=820252	mem_highwatermark=839376	PAPI_TOT_CYC=21609589	PAPI_L1_DCM=213489	PAPI_BR_MSP=379040	
algorithm=CumulativeSum	test=select	amount=100000000	alphabetSize=65536	blockSize=1024	real_cycles=18527914	wall_time=7141	virt_cycles=18490509	mem_size=837032	mem_resident=820624	mem_highwatermark=840188	PAPI_TOT_CYC=20908636	PAPI_L1_DCM=212164	PAPI_BR_MSP=379332	
algorithm=CumulativeSum	test=select	amount=100000000	alphabetSize=65536	blockSize=1024	real_cycles=18177883	wall_time=7006	virt_cycles=18170586	mem_size=837032	mem_resident=820272	mem_highwatermark=840220	PAPI_TOT_CYC=20896453	PAPI_L1_DCM=213715	PAPI_BR_MSP=379224	
algorithm=CumulativeSum	test=select	amount=100000000	alphabetSize=65536	blockSize=2048	real_cycles=18676296	wall_time=7200	virt_cycles=18672579	mem_size=836132	mem_resident=819180	mem_highwatermark=838860	PAPI_TOT_CYC=21184460	PAPI_L1_DCM=212530	PAPI_BR_MSP=372992	
algorithm=CumulativeSum	test=select	amount=100000000	alphabetSize=65536	blockSize=2048	real_cycles=18144123	wall_time=6994	virt_cycles=18113364	mem_size=836132	mem_resident=819360	mem_highwatermark=837904	PAPI_TOT_CYC=20771152	PAPI_L1_DCM=211586	PAPI_BR_MSP=371715	
algorithm=CumulativeSum	test=select	amount=100000000	alphabetSize=65536	blockSize=2048	real_cycles=17981960	wall_time=6931	virt_cycles=17970309	mem_size=836132	mem_resident=818888	mem_highwatermark=836700	PAPI_TOT_CYC=20954398	PAPI_L1_DCM=210947	PAPI_BR_MSP=372116	
algorithm=CumulativeSum	test=select	amount=100000000	alphabetSize=65536	blockSize=2048	real_cycles=18456441	wall_time=7114	virt_cycles=18422883	mem_size=836132	mem_resident=819076	mem_highwatermark=836948	PAPI_TOT_CYC=20966545	PAPI_L1_DCM=210895	PAPI_BR_MSP=372111	
algorithm=CumulativeSum	test=select	amount=100000000	alphabetSize=65536	blockSize=2048	real_cycles=17969487	wall_time=6927	virt_cycles=17983314	mem_size=836132	mem_resident=817780	mem_highwatermark=836492	PAPI_TOT_CYC=20859876	PAPI_L1_DCM=210657	PAPI_BR_MSP=372280	
algorithm=CumulativeSum	test=select	amount=100000000	alphabetSize=65536	blockSize=4096	real_cycles=19131251	wall_time=7374	virt_cycles=19127754	mem_size=832060	mem_resident=815364	mem_highwatermark=836656	PAPI_TOT_CYC=21966674	PAPI_L1_DCM=224582	PAPI_BR_MSP=366837	
algorithm=CumulativeSum	test=select	amount=100000000	alphabetSize=65536	blockSize=4096	real_cycles=18965128	wall_time=7310	virt_cycles=18963891	mem_size=832060	mem_resident=814340	mem_highwatermark=833312	PAPI_TOT_CYC=21793234	PAPI_L1_DCM=221909	PAPI_BR_MSP=365637	
algorithm=CumulativeSum	test=select	amount=100000000	alphabetSize=65536	blockSize=4096	real_cycles=20616079	wall_time=7947	virt_cycles=20592117	mem_size=832060	mem_resident=814340	mem_highwatermark=834704	PAPI_TOT_CYC=24250924	PAPI_L1_DCM=234354	PAPI_BR_MSP=367385	
algorithm=CumulativeSum	test=select	amount=100000000	alphabetSize=65536	blockSize=4096	real_cycles=19223807	wall_time=7409	virt_cycles=19208385	mem_size=832060	mem_resident=815216	mem_highwatermark=836592	PAPI_TOT_CYC=22088675	PAPI_L1_DCM=221632	PAPI_BR_MSP=366025	
algorithm=CumulativeSum	test=select	amount=100000000	alphabetSize=65536	blockSize=4096	real_cycles=19905842	wall_time=7673	virt_cycles=19884645	mem_size=832060	mem_resident=814336	mem_highwatermark=836336	PAPI_TOT_CYC=23279309	PAPI_L1_DCM=222158	PAPI_BR_MSP=366019	
algorithm=CumulativeSum	test=select	amount=100000000	alphabetSize=65536	blockSize=8192	real_cycles=21008897	wall_time=8098	virt_cycles=20987469	mem_size=841460	mem_resident=822540	mem_highwatermark=836608	PAPI_TOT_CYC=23897858	PAPI_L1_DCM=263940	PAPI_BR_MSP=359301	
algorithm=CumulativeSum	test=select	amount=100000000	alphabetSize=65536	blockSize=8192	real_cycles=20865030	wall_time=8042	virt_cycles=20839212	mem_size=841460	mem_resident=824688	mem_highwatermark=838200	PAPI_TOT_CYC=24011385	PAPI_L1_DCM=262952	PAPI_BR_MSP=359867	
algorithm=CumulativeSum	test=select	amount=100000000	alphabetSize=65536	blockSize=8192	real_cycles=22667210	wall_time=8737	virt_cycles=22626099	mem_size=841460	mem_resident=824408	mem_highwatermark=836172	PAPI_TOT_CYC=25542511	PAPI_L1_DCM=264320	PAPI_BR_MSP=361103	
algorithm=CumulativeSum	test=select	amount=100000000	alphabetSize=65536	blockSize=8192	real_cycles=20720215	wall_time=7987	virt_cycles=20711763	mem_size=841460	mem_resident=823796	mem_highwatermark=838036	PAPI_TOT_CYC=24175612	PAPI_L1_DCM=263351	PAPI_BR_MSP=359711	
algorithm=CumulativeSum	test=select	amount=100000000	alphabetSize=65536	blockSize=8192	real_cycles=22920748	wall_time=8837	virt_cycles=22914810	mem_size=841460	mem_resident=823684	mem_highwatermark=837844	PAPI_TOT_CYC=27239825	PAPI_L1_DCM=277964	PAPI_BR_MSP=360805	
algorithm=CumulativeSum	test=select	amount=100000000	alphabetSize=65536	blockSize=16384	real_cycles=23246496	wall_time=8961	virt_cycles=23224329	mem_size=829212	mem_resident=813692	mem_highwatermark=838936	PAPI_TOT_CYC=27636074	PAPI_L1_DCM=361414	PAPI_BR_MSP=353178	
algorithm=CumulativeSum	test=select	amount=100000000	alphabetSize=65536	blockSize=16384	real_cycles=23259296	wall_time=8965	virt_cycles=23250339	mem_size=829212	mem_resident=813688	mem_highwatermark=839016	PAPI_TOT_CYC=27620784	PAPI_L1_DCM=361083	PAPI_BR_MSP=352605	
algorithm=CumulativeSum	test=select	amount=100000000	alphabetSize=65536	blockSize=16384	real_cycles=23850767	wall_time=9194	virt_cycles=23869377	mem_size=829212	mem_resident=813684	mem_highwatermark=841040	PAPI_TOT_CYC=27724377	PAPI_L1_DCM=359936	PAPI_BR_MSP=352382	
algorithm=CumulativeSum	test=select	amount=100000000	alphabetSize=65536	blockSize=16384	real_cycles=23692676	wall_time=9133	virt_cycles=23697711	mem_size=829212	mem_resident=813684	mem_highwatermark=840400	PAPI_TOT_CYC=27699324	PAPI_L1_DCM=360206	PAPI_BR_MSP=352765	
algorithm=CumulativeSum	test=select	amount=100000000	alphabetSize=65536	blockSize=16384	real_cycles=23504586	wall_time=9060	virt_cycles=23481828	mem_size=829212	mem_resident=813688	mem_highwatermark=841012	PAPI_TOT_CYC=27837038	PAPI_L1_DCM=360715	PAPI_BR_MSP=352874	
algorithm=CumulativeSum	test=select	amount=100000000	alphabetSize=65536	blockSize=32768	real_cycles=29380191	wall_time=11324	virt_cycles=29349684	mem_size=830316	mem_resident=812744	mem_highwatermark=833544	PAPI_TOT_CYC=34839879	PAPI_L1_DCM=554507	PAPI_BR_MSP=346172	
algorithm=CumulativeSum	test=select	amount=100000000	alphabetSize=65536	blockSize=32768	real_cycles=29934732	wall_time=11538	virt_cycles=29877687	mem_size=830316	mem_resident=813420	mem_highwatermark=831656	PAPI_TOT_CYC=35256790	PAPI_L1_DCM=559199	PAPI_BR_MSP=346559	
algorithm=CumulativeSum	test=select	amount=100000000	alphabetSize=65536	blockSize=32768	real_cycles=29763633	wall_time=11473	virt_cycles=29729430	mem_size=830316	mem_resident=813668	mem_highwatermark=830444	PAPI_TOT_CYC=34893473	PAPI_L1_DCM=556384	PAPI_BR_MSP=345759	
algorithm=CumulativeSum	test=select	amount=100000000	alphabetSize=65536	blockSize=32768	real_cycles=28204257	wall_time=10871	virt_cycles=28202643	mem_size=830316	mem_resident=813524	mem_highwatermark=833456	PAPI_TOT_CYC=33471678	PAPI_L1_DCM=556078	PAPI_BR_MSP=345795	
algorithm=CumulativeSum	test=select	amount=100000000	alphabetSize=65536	blockSize=32768	real_cycles=29221504	wall_time=11264	virt_cycles=29217033	mem_size=830316	mem_resident=813480	mem_highwatermark=832552	PAPI_TOT_CYC=34509849	PAPI_L1_DCM=555095	PAPI_BR_MSP=346280	
algorithm=CumulativeSum	test=select	amount=100000000	alphabetSize=65536	blockSize=65536	real_cycles=39076832	wall_time=15075	virt_cycles=39113838	mem_size=835120	mem_resident=819468	mem_highwatermark=836492	PAPI_TOT_CYC=46363100	PAPI_L1_DCM=906323	PAPI_BR_MSP=339027	
algorithm=CumulativeSum	test=select	amount=100000000	alphabetSize=65536	blockSize=65536	real_cycles=38312357	wall_time=14769	virt_cycles=38320533	mem_size=835120	mem_resident=819508	mem_highwatermark=837024	PAPI_TOT_CYC=46180713	PAPI_L1_DCM=905285	PAPI_BR_MSP=339262	
algorithm=CumulativeSum	test=select	amount=100000000	alphabetSize=65536	blockSize=65536	real_cycles=45397792	wall_time=17498	virt_cycles=45317223	mem_size=835120	mem_resident=819464	mem_highwatermark=836960	PAPI_TOT_CYC=51350163	PAPI_L1_DCM=907430	PAPI_BR_MSP=339766	
algorithm=CumulativeSum	test=select	amount=100000000	alphabetSize=65536	blockSize=65536	real_cycles=38988433	wall_time=15029	virt_cycles=38988990	mem_size=835120	mem_resident=819464	mem_highwatermark=837784	PAPI_TOT_CYC=46477603	PAPI_L1_DCM=906564	PAPI_BR_MSP=338899	
algorithm=CumulativeSum	test=select	amount=100000000	alphabetSize=65536	blockSize=65536	real_cycles=41092055	wall_time=15839	virt_cycles=41069790	mem_size=835120	mem_resident=819464	mem_highwatermark=836068	PAPI_TOT_CYC=47709142	PAPI_L1_DCM=905515	PAPI_BR_MSP=339875



algorithm=CumulativeSum	test=rank	amount=100000000	alphabetSize=65536	blockSize=8	real_cycles=3446103	wall_time=1327	virt_cycles=3454128	mem_size=1601888	mem_resident=1586000	mem_highwatermark=1586000	PAPI_TOT_CYC=3847547	PAPI_L1_DCM=53122	PAPI_BR_MSP=7015	
algorithm=CumulativeSum	test=rank	amount=100000000	alphabetSize=65536	blockSize=8	real_cycles=3435094	wall_time=1324	virt_cycles=3446325	mem_size=1601888	mem_resident=1586008	mem_highwatermark=1586008	PAPI_TOT_CYC=3866884	PAPI_L1_DCM=53410	PAPI_BR_MSP=7100	
algorithm=CumulativeSum	test=rank	amount=100000000	alphabetSize=65536	blockSize=8	real_cycles=4248441	wall_time=1638	virt_cycles=4265640	mem_size=1601888	mem_resident=1586004	mem_highwatermark=1586004	PAPI_TOT_CYC=4361279	PAPI_L1_DCM=55044	PAPI_BR_MSP=7029	
algorithm=CumulativeSum	test=rank	amount=100000000	alphabetSize=65536	blockSize=8	real_cycles=4394494	wall_time=1693	virt_cycles=4348872	mem_size=1601888	mem_resident=1586004	mem_highwatermark=1586004	PAPI_TOT_CYC=4539546	PAPI_L1_DCM=54270	PAPI_BR_MSP=7075	
algorithm=CumulativeSum	test=rank	amount=100000000	alphabetSize=65536	blockSize=8	real_cycles=3544276	wall_time=1365	virt_cycles=3552966	mem_size=1601888	mem_resident=1585996	mem_highwatermark=1585996	PAPI_TOT_CYC=3809539	PAPI_L1_DCM=53897	PAPI_BR_MSP=7068	
algorithm=CumulativeSum	test=rank	amount=100000000	alphabetSize=65536	blockSize=16	real_cycles=3267019	wall_time=1258	virt_cycles=3277260	mem_size=1186620	mem_resident=1170792	mem_highwatermark=1170792	PAPI_TOT_CYC=3601941	PAPI_L1_DCM=51515	PAPI_BR_MSP=7196	
algorithm=CumulativeSum	test=rank	amount=100000000	alphabetSize=65536	blockSize=16	real_cycles=3563514	wall_time=1373	virt_cycles=3573774	mem_size=1186620	mem_resident=1170792	mem_highwatermark=1170792	PAPI_TOT_CYC=3813947	PAPI_L1_DCM=53243	PAPI_BR_MSP=7304	
algorithm=CumulativeSum	test=rank	amount=100000000	alphabetSize=65536	blockSize=16	real_cycles=3390431	wall_time=1306	virt_cycles=3399507	mem_size=1186620	mem_resident=1170788	mem_highwatermark=1170788	PAPI_TOT_CYC=3541128	PAPI_L1_DCM=52033	PAPI_BR_MSP=6874	
algorithm=CumulativeSum	test=rank	amount=100000000	alphabetSize=65536	blockSize=16	real_cycles=3500044	wall_time=1347	virt_cycles=3508749	mem_size=1186620	mem_resident=1170788	mem_highwatermark=1170788	PAPI_TOT_CYC=3624345	PAPI_L1_DCM=51813	PAPI_BR_MSP=7274	
algorithm=CumulativeSum	test=rank	amount=100000000	alphabetSize=65536	blockSize=16	real_cycles=3262191	wall_time=1256	virt_cycles=3272058	mem_size=1186620	mem_resident=1170792	mem_highwatermark=1170792	PAPI_TOT_CYC=3682630	PAPI_L1_DCM=51990	PAPI_BR_MSP=7220	
algorithm=CumulativeSum	test=rank	amount=100000000	alphabetSize=65536	blockSize=32	real_cycles=3231041	wall_time=1245	virt_cycles=3240846	mem_size=979820	mem_resident=964164	mem_highwatermark=964164	PAPI_TOT_CYC=3410871	PAPI_L1_DCM=51426	PAPI_BR_MSP=7234	
algorithm=CumulativeSum	test=rank	amount=100000000	alphabetSize=65536	blockSize=32	real_cycles=3510077	wall_time=1352	virt_cycles=3493143	mem_size=979820	mem_resident=964164	mem_highwatermark=964164	PAPI_TOT_CYC=3596420	PAPI_L1_DCM=52243	PAPI_BR_MSP=7416	
algorithm=CumulativeSum	test=rank	amount=100000000	alphabetSize=65536	blockSize=32	real_cycles=3211764	wall_time=1237	virt_cycles=3222639	mem_size=979820	mem_resident=964168	mem_highwatermark=964168	PAPI_TOT_CYC=3471620	PAPI_L1_DCM=51105	PAPI_BR_MSP=7145	
algorithm=CumulativeSum	test=rank	amount=100000000	alphabetSize=65536	blockSize=32	real_cycles=3244679	wall_time=1249	virt_cycles=3201831	mem_size=979820	mem_resident=964168	mem_highwatermark=964168	PAPI_TOT_CYC=3493326	PAPI_L1_DCM=51311	PAPI_BR_MSP=7162	
algorithm=CumulativeSum	test=rank	amount=100000000	alphabetSize=65536	blockSize=32	real_cycles=3928181	wall_time=1513	virt_cycles=3937914	mem_size=979820	mem_resident=964164	mem_highwatermark=964164	PAPI_TOT_CYC=3997676	PAPI_L1_DCM=52506	PAPI_BR_MSP=7266	
algorithm=CumulativeSum	test=rank	amount=100000000	alphabetSize=65536	blockSize=64	real_cycles=3241229	wall_time=1249	virt_cycles=3251250	mem_size=905292	mem_resident=886868	mem_highwatermark=891996	PAPI_TOT_CYC=3397099	PAPI_L1_DCM=51588	PAPI_BR_MSP=7274	
algorithm=CumulativeSum	test=rank	amount=100000000	alphabetSize=65536	blockSize=64	real_cycles=3323393	wall_time=1279	virt_cycles=3311073	mem_size=905292	mem_resident=886768	mem_highwatermark=892652	PAPI_TOT_CYC=3421169	PAPI_L1_DCM=51457	PAPI_BR_MSP=7086	
algorithm=CumulativeSum	test=rank	amount=100000000	alphabetSize=65536	blockSize=64	real_cycles=3308636	wall_time=1274	virt_cycles=3279861	mem_size=905292	mem_resident=888092	mem_highwatermark=889944	PAPI_TOT_CYC=3525290	PAPI_L1_DCM=51733	PAPI_BR_MSP=7145	
algorithm=CumulativeSum	test=rank	amount=100000000	alphabetSize=65536	blockSize=64	real_cycles=3105246	wall_time=1196	virt_cycles=3113397	mem_size=905292	mem_resident=888504	mem_highwatermark=891940	PAPI_TOT_CYC=3494742	PAPI_L1_DCM=51220	PAPI_BR_MSP=7073	
algorithm=CumulativeSum	test=rank	amount=100000000	alphabetSize=65536	blockSize=64	real_cycles=3185676	wall_time=1226	virt_cycles=3194028	mem_size=905292	mem_resident=887216	mem_highwatermark=892932	PAPI_TOT_CYC=3488870	PAPI_L1_DCM=51438	PAPI_BR_MSP=7404	
algorithm=CumulativeSum	test=rank	amount=100000000	alphabetSize=65536	blockSize=128	real_cycles=3241026	wall_time=1248	virt_cycles=3251250	mem_size=868660	mem_resident=853004	mem_highwatermark=867640	PAPI_TOT_CYC=3513144	PAPI_L1_DCM=51487	PAPI_BR_MSP=14452	
algorithm=CumulativeSum	test=rank	amount=100000000	alphabetSize=65536	blockSize=128	real_cycles=3366416	wall_time=1297	virt_cycles=3355290	mem_size=868660	mem_resident=853008	mem_highwatermark=868324	PAPI_TOT_CYC=3463812	PAPI_L1_DCM=51574	PAPI_BR_MSP=14488	
algorithm=CumulativeSum	test=rank	amount=100000000	alphabetSize=65536	blockSize=128	real_cycles=3472912	wall_time=1338	virt_cycles=3482739	mem_size=868660	mem_resident=853008	mem_highwatermark=866768	PAPI_TOT_CYC=3585777	PAPI_L1_DCM=52450	PAPI_BR_MSP=14626	
algorithm=CumulativeSum	test=rank	amount=100000000	alphabetSize=65536	blockSize=128	real_cycles=3177853	wall_time=1224	virt_cycles=3188826	mem_size=868660	mem_resident=853008	mem_highwatermark=866664	PAPI_TOT_CYC=3582312	PAPI_L1_DCM=51429	PAPI_BR_MSP=14308	
algorithm=CumulativeSum	test=rank	amount=100000000	alphabetSize=65536	blockSize=128	real_cycles=3877857	wall_time=1494	virt_cycles=3891096	mem_size=868660	mem_resident=853004	mem_highwatermark=866680	PAPI_TOT_CYC=4064263	PAPI_L1_DCM=51779	PAPI_BR_MSP=14717	
algorithm=CumulativeSum	test=rank	amount=100000000	alphabetSize=65536	blockSize=256	real_cycles=3460600	wall_time=1334	virt_cycles=3433320	mem_size=847700	mem_resident=832044	mem_highwatermark=847084	PAPI_TOT_CYC=3669252	PAPI_L1_DCM=64874	PAPI_BR_MSP=19316	
algorithm=CumulativeSum	test=rank	amount=100000000	alphabetSize=65536	blockSize=256	real_cycles=3368097	wall_time=1298	virt_cycles=3363093	mem_size=847700	mem_resident=832048	mem_highwatermark=847704	PAPI_TOT_CYC=3686148	PAPI_L1_DCM=64840	PAPI_BR_MSP=19621	
algorithm=CumulativeSum	test=rank	amount=100000000	alphabetSize=65536	blockSize=256	real_cycles=3335232	wall_time=1285	virt_cycles=3344886	mem_size=847700	mem_resident=832044	mem_highwatermark=847160	PAPI_TOT_CYC=3563607	PAPI_L1_DCM=64816	PAPI_BR_MSP=19503	
algorithm=CumulativeSum	test=rank	amount=100000000	alphabetSize=65536	blockSize=256	real_cycles=3822870	wall_time=1472	virt_cycles=3792258	mem_size=847700	mem_resident=832048	mem_highwatermark=847620	PAPI_TOT_CYC=4151692	PAPI_L1_DCM=65080	PAPI_BR_MSP=19912	
algorithm=CumulativeSum	test=rank	amount=100000000	alphabetSize=65536	blockSize=256	real_cycles=3278438	wall_time=1263	virt_cycles=3287664	mem_size=847700	mem_resident=832044	mem_highwatermark=847696	PAPI_TOT_CYC=3668593	PAPI_L1_DCM=64992	PAPI_BR_MSP=19641	
algorithm=CumulativeSum	test=rank	amount=100000000	alphabetSize=65536	blockSize=512	real_cycles=3476791	wall_time=1340	virt_cycles=3487941	mem_size=833844	mem_resident=818192	mem_highwatermark=839740	PAPI_TOT_CYC=3834284	PAPI_L1_DCM=75505	PAPI_BR_MSP=21553	
algorithm=CumulativeSum	test=rank	amount=100000000	alphabetSize=65536	blockSize=512	real_cycles=3499453	wall_time=1348	virt_cycles=3511350	mem_size=833844	mem_resident=818244	mem_highwatermark=839572	PAPI_TOT_CYC=3704148	PAPI_L1_DCM=75771	PAPI_BR_MSP=21520	
algorithm=CumulativeSum	test=rank	amount=100000000	alphabetSize=65536	blockSize=512	real_cycles=3527313	wall_time=1358	virt_cycles=3500946	mem_size=833844	mem_resident=818188	mem_highwatermark=840556	PAPI_TOT_CYC=3830241	PAPI_L1_DCM=75792	PAPI_BR_MSP=21652	
algorithm=CumulativeSum	test=rank	amount=100000000	alphabetSize=65536	blockSize=512	real_cycles=4505601	wall_time=1735	virt_cycles=4489326	mem_size=833844	mem_resident=818188	mem_highwatermark=838436	PAPI_TOT_CYC=4695625	PAPI_L1_DCM=75838	PAPI_BR_MSP=21428	
algorithm=CumulativeSum	test=rank	amount=100000000	alphabetSize=65536	blockSize=512	real_cycles=3448158	wall_time=1329	virt_cycles=3459330	mem_size=833844	mem_resident=818192	mem_highwatermark=839532	PAPI_TOT_CYC=3889258	PAPI_L1_DCM=75975	PAPI_BR_MSP=21551	
algorithm=CumulativeSum	test=rank	amount=100000000	alphabetSize=65536	blockSize=1024	real_cycles=4538257	wall_time=1749	virt_cycles=4554351	mem_size=837032	mem_resident=820124	mem_highwatermark=839052	PAPI_TOT_CYC=4840182	PAPI_L1_DCM=86440	PAPI_BR_MSP=23095	
algorithm=CumulativeSum	test=rank	amount=100000000	alphabetSize=65536	blockSize=1024	real_cycles=3924695	wall_time=1512	virt_cycles=3935313	mem_size=837032	mem_resident=820660	mem_highwatermark=839432	PAPI_TOT_CYC=4118608	PAPI_L1_DCM=85828	PAPI_BR_MSP=22582	
algorithm=CumulativeSum	test=rank	amount=100000000	alphabetSize=65536	blockSize=1024	real_cycles=3646982	wall_time=1405	virt_cycles=3659607	mem_size=837032	mem_resident=821512	mem_highwatermark=838180	PAPI_TOT_CYC=3987122	PAPI_L1_DCM=85773	PAPI_BR_MSP=22546	
algorithm=CumulativeSum	test=rank	amount=100000000	alphabetSize=65536	blockSize=1024	real_cycles=3661493	wall_time=1411	virt_cycles=3633597	mem_size=837032	mem_resident=820820	mem_highwatermark=836868	PAPI_TOT_CYC=3981790	PAPI_L1_DCM=85560	PAPI_BR_MSP=22493	
algorithm=CumulativeSum	test=rank	amount=100000000	alphabetSize=65536	blockSize=1024	real_cycles=3528772	wall_time=1360	virt_cycles=3539961	mem_size=837032	mem_resident=819744	mem_highwatermark=839124	PAPI_TOT_CYC=3989991	PAPI_L1_DCM=85483	PAPI_BR_MSP=22479	
algorithm=CumulativeSum	test=rank	amount=100000000	alphabetSize=65536	blockSize=2048	real_cycles=4244454	wall_time=1635	virt_cycles=4216221	mem_size=836132	mem_resident=818820	mem_highwatermark=839720	PAPI_TOT_CYC=4574717	PAPI_L1_DCM=99752	PAPI_BR_MSP=22718	
algorithm=CumulativeSum	test=rank	amount=100000000	alphabetSize=65536	blockSize=2048	real_cycles=4286025	wall_time=1651	virt_cycles=4265640	mem_size=836132	mem_resident=818264	mem_highwatermark=838068	PAPI_TOT_CYC=4651082	PAPI_L1_DCM=99874	PAPI_BR_MSP=22705	
algorithm=CumulativeSum	test=rank	amount=100000000	alphabetSize=65536	blockSize=2048	real_cycles=5216255	wall_time=2009	virt_cycles=5233212	mem_size=836132	mem_resident=819436	mem_highwatermark=836972	PAPI_TOT_CYC=5501760	PAPI_L1_DCM=100038	PAPI_BR_MSP=22603	
algorithm=CumulativeSum	test=rank	amount=100000000	alphabetSize=65536	blockSize=2048	real_cycles=4278291	wall_time=1649	virt_cycles=4244832	mem_size=836132	mem_resident=818200	mem_highwatermark=836660	PAPI_TOT_CYC=4672115	PAPI_L1_DCM=99617	PAPI_BR_MSP=22733	
algorithm=CumulativeSum	test=rank	amount=100000000	alphabetSize=65536	blockSize=2048	real_cycles=4598627	wall_time=1772	virt_cycles=4567356	mem_size=836132	mem_resident=817640	mem_highwatermark=836824	PAPI_TOT_CYC=4933296	PAPI_L1_DCM=99957	PAPI_BR_MSP=22769	
algorithm=CumulativeSum	test=rank	amount=100000000	alphabetSize=65536	blockSize=4096	real_cycles=5155211	wall_time=1987	virt_cycles=5142177	mem_size=832060	mem_resident=814340	mem_highwatermark=835204	PAPI_TOT_CYC=5576968	PAPI_L1_DCM=128500	PAPI_BR_MSP=23621	
algorithm=CumulativeSum	test=rank	amount=100000000	alphabetSize=65536	blockSize=4096	real_cycles=5299754	wall_time=2043	virt_cycles=5316444	mem_size=832060	mem_resident=814680	mem_highwatermark=835004	PAPI_TOT_CYC=5755238	PAPI_L1_DCM=128421	PAPI_BR_MSP=23238	
algorithm=CumulativeSum	test=rank	amount=100000000	alphabetSize=65536	blockSize=4096	real_cycles=5013629	wall_time=1932	virt_cycles=5030334	mem_size=832060	mem_resident=815028	mem_highwatermark=833392	PAPI_TOT_CYC=5544332	PAPI_L1_DCM=128423	PAPI_BR_MSP=23554	
algorithm=CumulativeSum	test=rank	amount=100000000	alphabetSize=65536	blockSize=4096	real_cycles=5288776	wall_time=1952	virt_cycles=5306040	mem_size=832060	mem_resident=814332	mem_highwatermark=836564	PAPI_TOT_CYC=5654153	PAPI_L1_DCM=128702	PAPI_BR_MSP=23606	
algorithm=CumulativeSum	test=rank	amount=100000000	alphabetSize=65536	blockSize=4096	real_cycles=5022418	wall_time=1935	virt_cycles=5038137	mem_size=832060	mem_resident=814332	mem_highwatermark=834888	PAPI_TOT_CYC=5613491	PAPI_L1_DCM=128302	PAPI_BR_MSP=23540	
algorithm=CumulativeSum	test=rank	amount=100000000	alphabetSize=65536	blockSize=8192	real_cycles=6364990	wall_time=2453	virt_cycles=6354243	mem_size=841460	mem_resident=822032	mem_highwatermark=839584	PAPI_TOT_CYC=6941744	PAPI_L1_DCM=178315	PAPI_BR_MSP=23063	
algorithm=CumulativeSum	test=rank	amount=100000000	alphabetSize=65536	blockSize=8192	real_cycles=6219079	wall_time=2409	virt_cycles=6237198	mem_size=841460	mem_resident=823960	mem_highwatermark=837840	PAPI_TOT_CYC=6935168	PAPI_L1_DCM=178478	PAPI_BR_MSP=23258	
algorithm=CumulativeSum	test=rank	amount=100000000	alphabetSize=65536	blockSize=8192	real_cycles=6267315	wall_time=2416	virt_cycles=6286617	mem_size=841460	mem_resident=822880	mem_highwatermark=838608	PAPI_TOT_CYC=6846972	PAPI_L1_DCM=178494	PAPI_BR_MSP=23149	
algorithm=CumulativeSum	test=rank	amount=100000000	alphabetSize=65536	blockSize=8192	real_cycles=6295831	wall_time=2426	virt_cycles=6258006	mem_size=841460	mem_resident=825188	mem_highwatermark=836628	PAPI_TOT_CYC=7175077	PAPI_L1_DCM=178836	PAPI_BR_MSP=23332	
algorithm=CumulativeSum	test=rank	amount=100000000	alphabetSize=65536	blockSize=8192	real_cycles=6689213	wall_time=2577	virt_cycles=6689772	mem_size=841460	mem_resident=822832	mem_highwatermark=835140	PAPI_TOT_CYC=7182022	PAPI_L1_DCM=178763	PAPI_BR_MSP=23120	
algorithm=CumulativeSum	test=rank	amount=100000000	alphabetSize=65536	blockSize=16384	real_cycles=7917092	wall_time=3052	virt_cycles=7917444	mem_size=829212	mem_resident=813688	mem_highwatermark=838268	PAPI_TOT_CYC=9219170	PAPI_L1_DCM=269412	PAPI_BR_MSP=22698	
algorithm=CumulativeSum	test=rank	amount=100000000	alphabetSize=65536	blockSize=16384	real_cycles=7618291	wall_time=2936	virt_cycles=7644339	mem_size=829212	mem_resident=813688	mem_highwatermark=841456	PAPI_TOT_CYC=8959123	PAPI_L1_DCM=269948	PAPI_BR_MSP=22911	
algorithm=CumulativeSum	test=rank	amount=100000000	alphabetSize=65536	blockSize=16384	real_cycles=7613944	wall_time=2960	virt_cycles=7636536	mem_size=829212	mem_resident=813684	mem_highwatermark=839936	PAPI_TOT_CYC=8785571	PAPI_L1_DCM=269250	PAPI_BR_MSP=22823	
algorithm=CumulativeSum	test=rank	amount=100000000	alphabetSize=65536	blockSize=16384	real_cycles=7532163	wall_time=2903	virt_cycles=7516890	mem_size=829212	mem_resident=813684	mem_highwatermark=839460	PAPI_TOT_CYC=8782599	PAPI_L1_DCM=269151	PAPI_BR_MSP=22746	
algorithm=CumulativeSum	test=rank	amount=100000000	alphabetSize=65536	blockSize=16384	real_cycles=7806220	wall_time=3007	virt_cycles=7787394	mem_size=829212	mem_resident=813688	mem_highwatermark=840900	PAPI_TOT_CYC=8679609	PAPI_L1_DCM=268930	PAPI_BR_MSP=22815	
algorithm=CumulativeSum	test=rank	amount=100000000	alphabetSize=65536	blockSize=32768	real_cycles=10310829	wall_time=3975	virt_cycles=10286955	mem_size=830316	mem_resident=812592	mem_highwatermark=829708	PAPI_TOT_CYC=11610506	PAPI_L1_DCM=448359	PAPI_BR_MSP=22704	
algorithm=CumulativeSum	test=rank	amount=100000000	alphabetSize=65536	blockSize=32768	real_cycles=9644223	wall_time=3718	virt_cycles=9634104	mem_size=830316	mem_resident=812596	mem_highwatermark=832824	PAPI_TOT_CYC=11315336	PAPI_L1_DCM=448503	PAPI_BR_MSP=22541	
algorithm=CumulativeSum	test=rank	amount=100000000	alphabetSize=65536	blockSize=32768	real_cycles=9959614	wall_time=3839	virt_cycles=9946224	mem_size=830316	mem_resident=813328	mem_highwatermark=833724	PAPI_TOT_CYC=11293703	PAPI_L1_DCM=448315	PAPI_BR_MSP=22422	
algorithm=CumulativeSum	test=rank	amount=100000000	alphabetSize=65536	blockSize=32768	real_cycles=10465907	wall_time=4033	virt_cycles=10463823	mem_size=830316	mem_resident=812632	mem_highwatermark=829716	PAPI_TOT_CYC=11682358	PAPI_L1_DCM=449093	PAPI_BR_MSP=22643	
algorithm=CumulativeSum	test=rank	amount=100000000	alphabetSize=65536	blockSize=32768	real_cycles=10407035	wall_time=4012	virt_cycles=10396197	mem_size=830316	mem_resident=812592	mem_highwatermark=833364	PAPI_TOT_CYC=11838921	PAPI_L1_DCM=447569	PAPI_BR_MSP=22701	
algorithm=CumulativeSum	test=rank	amount=100000000	alphabetSize=65536	blockSize=65536	real_cycles=16358683	wall_time=6305	virt_cycles=16308270	mem_size=835120	mem_resident=819468	mem_highwatermark=835476	PAPI_TOT_CYC=18790187	PAPI_L1_DCM=772667	PAPI_BR_MSP=22450	
algorithm=CumulativeSum	test=rank	amount=100000000	alphabetSize=65536	blockSize=65536	real_cycles=14582056	wall_time=5621	virt_cycles=14576004	mem_size=835120	mem_resident=819460	mem_highwatermark=838012	PAPI_TOT_CYC=16902054	PAPI_L1_DCM=772815	PAPI_BR_MSP=22120	
algorithm=CumulativeSum	test=rank	amount=100000000	alphabetSize=65536	blockSize=65536	real_cycles=17988902	wall_time=6934	virt_cycles=17967708	mem_size=835120	mem_resident=819464	mem_highwatermark=837056	PAPI_TOT_CYC=20334427	PAPI_L1_DCM=772667	PAPI_BR_MSP=22746	
algorithm=CumulativeSum	test=rank	amount=100000000	alphabetSize=65536	blockSize=65536	real_cycles=14450621	wall_time=5570	virt_cycles=14401737	mem_size=835120	mem_resident=819468	mem_highwatermark=834788	PAPI_TOT_CYC=17125484	PAPI_L1_DCM=772559	PAPI_BR_MSP=22412	
algorithm=CumulativeSum	test=rank	amount=100000000	alphabetSize=65536	blockSize=65536	real_cycles=14090578	wall_time=5431	virt_cycles=14029794	mem_size=835120	mem_resident=819464	mem_highwatermark=834832	PAPI_TOT_CYC=16713736	PAPI_L1_DCM=772468	PAPI_BR_MSP=22310	

algorithm=CumulativeSum	test=selectBranchless	amount=100000000	alphabetSize=65536	blockSize=8	real_cycles=38432403	wall_time=14814	virt_cycles=38450583	mem_size=1601904	mem_resident=1586016	mem_highwatermark=1586016	PAPI_TOT_CYC=44035644	PAPI_L1_DCM=264228	PAPI_BR_MSP=202668	
algorithm=CumulativeSum	test=selectBranchless	amount=100000000	alphabetSize=65536	blockSize=8	real_cycles=38063983	wall_time=14672	virt_cycles=37789929	mem_size=1601904	mem_resident=1586016	mem_highwatermark=1586016	PAPI_TOT_CYC=44991234	PAPI_L1_DCM=266517	PAPI_BR_MSP=202497	
algorithm=CumulativeSum	test=selectBranchless	amount=100000000	alphabetSize=65536	blockSize=8	real_cycles=38443911	wall_time=14819	virt_cycles=38481795	mem_size=1601904	mem_resident=1586020	mem_highwatermark=1586020	PAPI_TOT_CYC=43899381	PAPI_L1_DCM=263929	PAPI_BR_MSP=202900	
algorithm=CumulativeSum	test=selectBranchless	amount=100000000	alphabetSize=65536	blockSize=8	real_cycles=38487797	wall_time=14836	virt_cycles=38526012	mem_size=1601904	mem_resident=1586020	mem_highwatermark=1586020	PAPI_TOT_CYC=43991931	PAPI_L1_DCM=264467	PAPI_BR_MSP=202596	
algorithm=CumulativeSum	test=selectBranchless	amount=100000000	alphabetSize=65536	blockSize=8	real_cycles=37508240	wall_time=14458	virt_cycles=37542834	mem_size=1601904	mem_resident=1586020	mem_highwatermark=1586020	PAPI_TOT_CYC=44923960	PAPI_L1_DCM=262490	PAPI_BR_MSP=202589	
algorithm=CumulativeSum	test=selectBranchless	amount=100000000	alphabetSize=65536	blockSize=16	real_cycles=38148737	wall_time=14705	virt_cycles=38185281	mem_size=1186636	mem_resident=1170800	mem_highwatermark=1170800	PAPI_TOT_CYC=44054663	PAPI_L1_DCM=236361	PAPI_BR_MSP=250377	
algorithm=CumulativeSum	test=selectBranchless	amount=100000000	alphabetSize=65536	blockSize=16	real_cycles=38048461	wall_time=14666	virt_cycles=38096847	mem_size=1186636	mem_resident=1170808	mem_highwatermark=1170808	PAPI_TOT_CYC=45214501	PAPI_L1_DCM=235186	PAPI_BR_MSP=249906	
algorithm=CumulativeSum	test=selectBranchless	amount=100000000	alphabetSize=65536	blockSize=16	real_cycles=37626067	wall_time=14503	virt_cycles=37670283	mem_size=1186636	mem_resident=1170808	mem_highwatermark=1170808	PAPI_TOT_CYC=44715747	PAPI_L1_DCM=235269	PAPI_BR_MSP=249632	
algorithm=CumulativeSum	test=selectBranchless	amount=100000000	alphabetSize=65536	blockSize=16	real_cycles=37993305	wall_time=14645	virt_cycles=38031822	mem_size=1186636	mem_resident=1170808	mem_highwatermark=1170808	PAPI_TOT_CYC=43865598	PAPI_L1_DCM=234877	PAPI_BR_MSP=249785	
algorithm=CumulativeSum	test=selectBranchless	amount=100000000	alphabetSize=65536	blockSize=16	real_cycles=38203108	wall_time=14726	virt_cycles=38245104	mem_size=1186636	mem_resident=1170800	mem_highwatermark=1170800	PAPI_TOT_CYC=43947574	PAPI_L1_DCM=235061	PAPI_BR_MSP=249495	
algorithm=CumulativeSum	test=selectBranchless	amount=100000000	alphabetSize=65536	blockSize=32	real_cycles=39462661	wall_time=15219	virt_cycles=39210075	mem_size=979836	mem_resident=964184	mem_highwatermark=964184	PAPI_TOT_CYC=46862650	PAPI_L1_DCM=210375	PAPI_BR_MSP=337940	
algorithm=CumulativeSum	test=selectBranchless	amount=100000000	alphabetSize=65536	blockSize=32	real_cycles=39963888	wall_time=15405	virt_cycles=39985173	mem_size=979836	mem_resident=964184	mem_highwatermark=964184	PAPI_TOT_CYC=47261561	PAPI_L1_DCM=208603	PAPI_BR_MSP=337174	
algorithm=CumulativeSum	test=selectBranchless	amount=100000000	alphabetSize=65536	blockSize=32	real_cycles=41809571	wall_time=16116	virt_cycles=41772060	mem_size=979836	mem_resident=964180	mem_highwatermark=964180	PAPI_TOT_CYC=48818350	PAPI_L1_DCM=211965	PAPI_BR_MSP=337935	
algorithm=CumulativeSum	test=selectBranchless	amount=100000000	alphabetSize=65536	blockSize=32	real_cycles=39194453	wall_time=15108	virt_cycles=39223080	mem_size=979836	mem_resident=964180	mem_highwatermark=964180	PAPI_TOT_CYC=46685674	PAPI_L1_DCM=208056	PAPI_BR_MSP=336873	
algorithm=CumulativeSum	test=selectBranchless	amount=100000000	alphabetSize=65536	blockSize=32	real_cycles=39225928	wall_time=15120	virt_cycles=39267297	mem_size=979836	mem_resident=964180	mem_highwatermark=964180	PAPI_TOT_CYC=47125088	PAPI_L1_DCM=210597	PAPI_BR_MSP=337511	
algorithm=CumulativeSum	test=selectBranchless	amount=100000000	alphabetSize=65536	blockSize=64	real_cycles=40282521	wall_time=15528	virt_cycles=40307697	mem_size=905308	mem_resident=887072	mem_highwatermark=892708	PAPI_TOT_CYC=46868484	PAPI_L1_DCM=188322	PAPI_BR_MSP=383146	
algorithm=CumulativeSum	test=selectBranchless	amount=100000000	alphabetSize=65536	blockSize=64	real_cycles=42218970	wall_time=16274	virt_cycles=42214230	mem_size=905308	mem_resident=888516	mem_highwatermark=893444	PAPI_TOT_CYC=48616658	PAPI_L1_DCM=189101	PAPI_BR_MSP=383376	
algorithm=CumulativeSum	test=selectBranchless	amount=100000000	alphabetSize=65536	blockSize=64	real_cycles=40400550	wall_time=15574	virt_cycles=40445550	mem_size=905308	mem_resident=888124	mem_highwatermark=891588	PAPI_TOT_CYC=46731094	PAPI_L1_DCM=186146	PAPI_BR_MSP=383082	
algorithm=CumulativeSum	test=selectBranchless	amount=100000000	alphabetSize=65536	blockSize=64	real_cycles=40246275	wall_time=15514	virt_cycles=40297293	mem_size=905308	mem_resident=889656	mem_highwatermark=892196	PAPI_TOT_CYC=47648987	PAPI_L1_DCM=188109	PAPI_BR_MSP=383172	
algorithm=CumulativeSum	test=selectBranchless	amount=100000000	alphabetSize=65536	blockSize=64	real_cycles=39785625	wall_time=15336	virt_cycles=39839517	mem_size=905308	mem_resident=888588	mem_highwatermark=892984	PAPI_TOT_CYC=47817146	PAPI_L1_DCM=187663	PAPI_BR_MSP=382818	
algorithm=CumulativeSum	test=selectBranchless	amount=100000000	alphabetSize=65536	blockSize=128	real_cycles=39653077	wall_time=15285	virt_cycles=39683457	mem_size=868676	mem_resident=853020	mem_highwatermark=867760	PAPI_TOT_CYC=46829328	PAPI_L1_DCM=190842	PAPI_BR_MSP=381957	
algorithm=CumulativeSum	test=selectBranchless	amount=100000000	alphabetSize=65536	blockSize=128	real_cycles=38028388	wall_time=14658	virt_cycles=38050029	mem_size=868676	mem_resident=853020	mem_highwatermark=867144	PAPI_TOT_CYC=44904246	PAPI_L1_DCM=187808	PAPI_BR_MSP=381304	
algorithm=CumulativeSum	test=selectBranchless	amount=100000000	alphabetSize=65536	blockSize=128	real_cycles=38073721	wall_time=14676	virt_cycles=38112453	mem_size=868676	mem_resident=853020	mem_highwatermark=865148	PAPI_TOT_CYC=44987395	PAPI_L1_DCM=188139	PAPI_BR_MSP=381648	
algorithm=CumulativeSum	test=selectBranchless	amount=100000000	alphabetSize=65536	blockSize=128	real_cycles=37775036	wall_time=14560	virt_cycles=37792530	mem_size=868676	mem_resident=853016	mem_highwatermark=865700	PAPI_TOT_CYC=44980564	PAPI_L1_DCM=187659	PAPI_BR_MSP=381191	
algorithm=CumulativeSum	test=selectBranchless	amount=100000000	alphabetSize=65536	blockSize=128	real_cycles=37724562	wall_time=14541	virt_cycles=37732707	mem_size=868676	mem_resident=853020	mem_highwatermark=865092	PAPI_TOT_CYC=45042281	PAPI_L1_DCM=187853	PAPI_BR_MSP=380924	
algorithm=CumulativeSum	test=selectBranchless	amount=100000000	alphabetSize=65536	blockSize=256	real_cycles=36002544	wall_time=13877	virt_cycles=36044658	mem_size=847716	mem_resident=832060	mem_highwatermark=846992	PAPI_TOT_CYC=43303537	PAPI_L1_DCM=182144	PAPI_BR_MSP=377889	
algorithm=CumulativeSum	test=selectBranchless	amount=100000000	alphabetSize=65536	blockSize=256	real_cycles=36543383	wall_time=14086	virt_cycles=36580464	mem_size=847716	mem_resident=832060	mem_highwatermark=846980	PAPI_TOT_CYC=42894265	PAPI_L1_DCM=181673	PAPI_BR_MSP=377435	
algorithm=CumulativeSum	test=selectBranchless	amount=100000000	alphabetSize=65536	blockSize=256	real_cycles=37814394	wall_time=14577	virt_cycles=37852353	mem_size=847716	mem_resident=832064	mem_highwatermark=848040	PAPI_TOT_CYC=44824269	PAPI_L1_DCM=185057	PAPI_BR_MSP=378267	
algorithm=CumulativeSum	test=selectBranchless	amount=100000000	alphabetSize=65536	blockSize=256	real_cycles=36486627	wall_time=14064	virt_cycles=36531045	mem_size=847716	mem_resident=832056	mem_highwatermark=847144	PAPI_TOT_CYC=42824434	PAPI_L1_DCM=181228	PAPI_BR_MSP=377706	
algorithm=CumulativeSum	test=selectBranchless	amount=100000000	alphabetSize=65536	blockSize=256	real_cycles=36783346	wall_time=14179	virt_cycles=36811953	mem_size=847716	mem_resident=832056	mem_highwatermark=848124	PAPI_TOT_CYC=43845837	PAPI_L1_DCM=183178	PAPI_BR_MSP=377754	
algorithm=CumulativeSum	test=selectBranchless	amount=100000000	alphabetSize=65536	blockSize=512	real_cycles=34810652	wall_time=13418	virt_cycles=34848198	mem_size=833860	mem_resident=818204	mem_highwatermark=839580	PAPI_TOT_CYC=41750469	PAPI_L1_DCM=172375	PAPI_BR_MSP=375288	
algorithm=CumulativeSum	test=selectBranchless	amount=100000000	alphabetSize=65536	blockSize=512	real_cycles=34833017	wall_time=13428	virt_cycles=34850799	mem_size=833860	mem_resident=818212	mem_highwatermark=840632	PAPI_TOT_CYC=41808048	PAPI_L1_DCM=172175	PAPI_BR_MSP=375079	
algorithm=CumulativeSum	test=selectBranchless	amount=100000000	alphabetSize=65536	blockSize=512	real_cycles=34801058	wall_time=13415	virt_cycles=34837794	mem_size=833860	mem_resident=818208	mem_highwatermark=839480	PAPI_TOT_CYC=41782270	PAPI_L1_DCM=172693	PAPI_BR_MSP=374586	
algorithm=CumulativeSum	test=selectBranchless	amount=100000000	alphabetSize=65536	blockSize=512	real_cycles=34943084	wall_time=13470	virt_cycles=34973046	mem_size=833860	mem_resident=818208	mem_highwatermark=837712	PAPI_TOT_CYC=41971262	PAPI_L1_DCM=171890	PAPI_BR_MSP=375627	
algorithm=CumulativeSum	test=selectBranchless	amount=100000000	alphabetSize=65536	blockSize=512	real_cycles=36521605	wall_time=14092	virt_cycles=36546651	mem_size=833860	mem_resident=818208	mem_highwatermark=838112	PAPI_TOT_CYC=43471594	PAPI_L1_DCM=174100	PAPI_BR_MSP=375868	
algorithm=CumulativeSum	test=selectBranchless	amount=100000000	alphabetSize=65536	blockSize=1024	real_cycles=34355013	wall_time=13242	virt_cycles=34390422	mem_size=837048	mem_resident=820064	mem_highwatermark=840016	PAPI_TOT_CYC=41613579	PAPI_L1_DCM=172605	PAPI_BR_MSP=371487	
algorithm=CumulativeSum	test=selectBranchless	amount=100000000	alphabetSize=65536	blockSize=1024	real_cycles=34399651	wall_time=13260	virt_cycles=34432038	mem_size=837048	mem_resident=820036	mem_highwatermark=836072	PAPI_TOT_CYC=41415452	PAPI_L1_DCM=172130	PAPI_BR_MSP=371727	
algorithm=CumulativeSum	test=selectBranchless	amount=100000000	alphabetSize=65536	blockSize=1024	real_cycles=34377897	wall_time=13251	virt_cycles=34411230	mem_size=837048	mem_resident=819928	mem_highwatermark=836516	PAPI_TOT_CYC=41367722	PAPI_L1_DCM=171682	PAPI_BR_MSP=371591	
algorithm=CumulativeSum	test=selectBranchless	amount=100000000	alphabetSize=65536	blockSize=1024	real_cycles=35091480	wall_time=13526	virt_cycles=35136909	mem_size=837048	mem_resident=819068	mem_highwatermark=838948	PAPI_TOT_CYC=42342233	PAPI_L1_DCM=173011	PAPI_BR_MSP=371290	
algorithm=CumulativeSum	test=selectBranchless	amount=100000000	alphabetSize=65536	blockSize=1024	real_cycles=35068193	wall_time=13517	virt_cycles=35113500	mem_size=837048	mem_resident=820288	mem_highwatermark=839880	PAPI_TOT_CYC=42301829	PAPI_L1_DCM=173072	PAPI_BR_MSP=370824	
algorithm=CumulativeSum	test=selectBranchless	amount=100000000	alphabetSize=65536	blockSize=2048	real_cycles=35590297	wall_time=13719	virt_cycles=35625897	mem_size=836148	mem_resident=818184	mem_highwatermark=838176	PAPI_TOT_CYC=42715142	PAPI_L1_DCM=187854	PAPI_BR_MSP=367994	
algorithm=CumulativeSum	test=selectBranchless	amount=100000000	alphabetSize=65536	blockSize=2048	real_cycles=36160182	wall_time=13939	virt_cycles=36216324	mem_size=836148	mem_resident=818612	mem_highwatermark=838244	PAPI_TOT_CYC=43442348	PAPI_L1_DCM=189703	PAPI_BR_MSP=367916	
algorithm=CumulativeSum	test=selectBranchless	amount=100000000	alphabetSize=65536	blockSize=2048	real_cycles=37431376	wall_time=14428	virt_cycles=37462203	mem_size=836148	mem_resident=817984	mem_highwatermark=839844	PAPI_TOT_CYC=44719290	PAPI_L1_DCM=193429	PAPI_BR_MSP=368905	
algorithm=CumulativeSum	test=selectBranchless	amount=100000000	alphabetSize=65536	blockSize=2048	real_cycles=36883429	wall_time=14217	virt_cycles=36876978	mem_size=836148	mem_resident=818588	mem_highwatermark=838176	PAPI_TOT_CYC=43040311	PAPI_L1_DCM=191666	PAPI_BR_MSP=368700	
algorithm=CumulativeSum	test=selectBranchless	amount=100000000	alphabetSize=65536	blockSize=2048	real_cycles=35643088	wall_time=13738	virt_cycles=35670114	mem_size=836148	mem_resident=819172	mem_highwatermark=834956	PAPI_TOT_CYC=42983712	PAPI_L1_DCM=189304	PAPI_BR_MSP=368395	
algorithm=CumulativeSum	test=selectBranchless	amount=100000000	alphabetSize=65536	blockSize=4096	real_cycles=39284659	wall_time=15143	virt_cycles=39334923	mem_size=832076	mem_resident=814352	mem_highwatermark=833304	PAPI_TOT_CYC=47524609	PAPI_L1_DCM=236373	PAPI_BR_MSP=364290	
algorithm=CumulativeSum	test=selectBranchless	amount=100000000	alphabetSize=65536	blockSize=4096	real_cycles=38711591	wall_time=14922	virt_cycles=38752299	mem_size=832076	mem_resident=814632	mem_highwatermark=834916	PAPI_TOT_CYC=46652716	PAPI_L1_DCM=232933	PAPI_BR_MSP=364368	
algorithm=CumulativeSum	test=selectBranchless	amount=100000000	alphabetSize=65536	blockSize=4096	real_cycles=38855214	wall_time=14977	virt_cycles=38892753	mem_size=832076	mem_resident=815312	mem_highwatermark=836816	PAPI_TOT_CYC=46789104	PAPI_L1_DCM=236198	PAPI_BR_MSP=364647	
algorithm=CumulativeSum	test=selectBranchless	amount=100000000	alphabetSize=65536	blockSize=4096	real_cycles=39753408	wall_time=15324	virt_cycles=39764088	mem_size=832076	mem_resident=814504	mem_highwatermark=835584	PAPI_TOT_CYC=47080952	PAPI_L1_DCM=237115	PAPI_BR_MSP=364177	
algorithm=CumulativeSum	test=selectBranchless	amount=100000000	alphabetSize=65536	blockSize=4096	real_cycles=38522357	wall_time=14849	virt_cycles=38541618	mem_size=832076	mem_resident=814352	mem_highwatermark=834956	PAPI_TOT_CYC=46559466	PAPI_L1_DCM=233277	PAPI_BR_MSP=363479	
algorithm=CumulativeSum	test=selectBranchless	amount=100000000	alphabetSize=65536	blockSize=8192	real_cycles=44899662	wall_time=17308	virt_cycles=44932275	mem_size=841476	mem_resident=825932	mem_highwatermark=836264	PAPI_TOT_CYC=54094941	PAPI_L1_DCM=330917	PAPI_BR_MSP=362544	
algorithm=CumulativeSum	test=selectBranchless	amount=100000000	alphabetSize=65536	blockSize=8192	real_cycles=45645036	wall_time=17596	virt_cycles=45686565	mem_size=841476	mem_resident=825828	mem_highwatermark=834756	PAPI_TOT_CYC=54263351	PAPI_L1_DCM=332287	PAPI_BR_MSP=361894	
algorithm=CumulativeSum	test=selectBranchless	amount=100000000	alphabetSize=65536	blockSize=8192	real_cycles=45580236	wall_time=17570	virt_cycles=45374445	mem_size=841476	mem_resident=825024	mem_highwatermark=837828	PAPI_TOT_CYC=54498442	PAPI_L1_DCM=331228	PAPI_BR_MSP=361384	
algorithm=CumulativeSum	test=selectBranchless	amount=100000000	alphabetSize=65536	blockSize=8192	real_cycles=45209883	wall_time=17428	virt_cycles=45267804	mem_size=841476	mem_resident=823528	mem_highwatermark=836524	PAPI_TOT_CYC=54665541	PAPI_L1_DCM=330824	PAPI_BR_MSP=361460	
algorithm=CumulativeSum	test=selectBranchless	amount=100000000	alphabetSize=65536	blockSize=8192	real_cycles=45864447	wall_time=17679	virt_cycles=45899847	mem_size=841476	mem_resident=822192	mem_highwatermark=838068	PAPI_TOT_CYC=54913564	PAPI_L1_DCM=332200	PAPI_BR_MSP=361887	
algorithm=CumulativeSum	test=selectBranchless	amount=100000000	alphabetSize=65536	blockSize=16384	real_cycles=55799329	wall_time=21510	virt_cycles=55848672	mem_size=829228	mem_resident=813700	mem_highwatermark=839464	PAPI_TOT_CYC=66748292	PAPI_L1_DCM=523034	PAPI_BR_MSP=357724	
algorithm=CumulativeSum	test=selectBranchless	amount=100000000	alphabetSize=65536	blockSize=16384	real_cycles=55433383	wall_time=21368	virt_cycles=55494936	mem_size=829228	mem_resident=813704	mem_highwatermark=841420	PAPI_TOT_CYC=67193258	PAPI_L1_DCM=523740	PAPI_BR_MSP=357678	
algorithm=CumulativeSum	test=selectBranchless	amount=100000000	alphabetSize=65536	blockSize=16384	real_cycles=56272823	wall_time=21692	virt_cycles=56324655	mem_size=829228	mem_resident=813700	mem_highwatermark=837840	PAPI_TOT_CYC=68101245	PAPI_L1_DCM=524140	PAPI_BR_MSP=357753	
algorithm=CumulativeSum	test=selectBranchless	amount=100000000	alphabetSize=65536	blockSize=16384	real_cycles=58112343	wall_time=22401	virt_cycles=58186971	mem_size=829228	mem_resident=813704	mem_highwatermark=841084	PAPI_TOT_CYC=67886300	PAPI_L1_DCM=522453	PAPI_BR_MSP=357384	
algorithm=CumulativeSum	test=selectBranchless	amount=100000000	alphabetSize=65536	blockSize=16384	real_cycles=57890381	wall_time=22315	virt_cycles=57963285	mem_size=829228	mem_resident=813696	mem_highwatermark=839848	PAPI_TOT_CYC=66687389	PAPI_L1_DCM=522483	PAPI_BR_MSP=357885	
algorithm=CumulativeSum	test=selectBranchless	amount=100000000	alphabetSize=65536	blockSize=32768	real_cycles=77997042	wall_time=30066	virt_cycles=78108030	mem_size=830332	mem_resident=813672	mem_highwatermark=831984	PAPI_TOT_CYC=94553113	PAPI_L1_DCM=870988	PAPI_BR_MSP=354083	
algorithm=CumulativeSum	test=selectBranchless	amount=100000000	alphabetSize=65536	blockSize=32768	real_cycles=80812399	wall_time=31152	virt_cycles=80311077	mem_size=830332	mem_resident=812604	mem_highwatermark=833944	PAPI_TOT_CYC=94095541	PAPI_L1_DCM=868245	PAPI_BR_MSP=354244	
algorithm=CumulativeSum	test=selectBranchless	amount=100000000	alphabetSize=65536	blockSize=32768	real_cycles=77938544	wall_time=30044	virt_cycles=78045606	mem_size=830332	mem_resident=812908	mem_highwatermark=832816	PAPI_TOT_CYC=94590864	PAPI_L1_DCM=866272	PAPI_BR_MSP=354395	
algorithm=CumulativeSum	test=selectBranchless	amount=100000000	alphabetSize=65536	blockSize=32768	real_cycles=81645885	wall_time=31473	virt_cycles=81161604	mem_size=830332	mem_resident=813060	mem_highwatermark=832088	PAPI_TOT_CYC=97304371	PAPI_L1_DCM=867724	PAPI_BR_MSP=354324	
algorithm=CumulativeSum	test=selectBranchless	amount=100000000	alphabetSize=65536	blockSize=32768	real_cycles=80846982	wall_time=31165	virt_cycles=80950923	mem_size=830332	mem_resident=813552	mem_highwatermark=832444	PAPI_TOT_CYC=97664549	PAPI_L1_DCM=869309	PAPI_BR_MSP=354355	
algorithm=CumulativeSum	test=selectBranchless	amount=100000000	alphabetSize=65536	blockSize=65536	real_cycles=125202055	wall_time=48264	virt_cycles=125420220	mem_size=835136	mem_resident=819480	mem_highwatermark=836308	PAPI_TOT_CYC=150918055	PAPI_L1_DCM=1445764	PAPI_BR_MSP=351159	
algorithm=CumulativeSum	test=selectBranchless	amount=100000000	alphabetSize=65536	blockSize=65536	real_cycles=120780484	wall_time=46558	virt_cycles=120967308	mem_size=835136	mem_resident=819484	mem_highwatermark=836776	PAPI_TOT_CYC=146182494	PAPI_L1_DCM=1441482	PAPI_BR_MSP=350483	
algorithm=CumulativeSum	test=selectBranchless	amount=100000000	alphabetSize=65536	blockSize=65536	real_cycles=122564970	wall_time=47247	virt_cycles=122775003	mem_size=835136	mem_resident=819484	mem_highwatermark=835552	PAPI_TOT_CYC=147230602	PAPI_L1_DCM=1441961	PAPI_BR_MSP=351315	
algorithm=CumulativeSum	test=selectBranchless	amount=100000000	alphabetSize=65536	blockSize=65536	real_cycles=126931960	wall_time=48931	virt_cycles=126166707	mem_size=835136	mem_resident=819480	mem_highwatermark=836104	PAPI_TOT_CYC=151716411	PAPI_L1_DCM=1446169	PAPI_BR_MSP=351559	
algorithm=CumulativeSum	test=selectBranchless	amount=100000000	alphabetSize=65536	blockSize=65536	real_cycles=123529898	wall_time=47619	virt_cycles=123768585	mem_size=835136	mem_resident=819484	mem_highwatermark=837180	PAPI_TOT_CYC=148691966	PAPI_L1_DCM=1441580	PAPI_BR_MSP=350966	
