# [skew] [real cycles] [wall time (microseconds)] [cycles] [lvl1 cache misses] [branch mispredictions]

2	25270957794	10553491	28259836290	301729399	637287848
2	25493826378	10646564	28075181398	301215607	637303562
2	25507578585	10652310	28115537850	301768838	637543117
2	25773816483	10763493	28055838869	301227713	637416284
2	25560545205	10674427	27971021216	301323421	637439036
2	25171746639	10512060	27925557689	301503148	637567529
2	25459178253	10632095	28120911504	302041897	637337416
2	25928730177	10828189	28088916484	302040101	637338986
2	25814334654	10780413	27742875514	301326904	637669311
2	25254104196	10546453	27879106950	301373381	637688738
2	25745026710	10751470	27365118783	298510946	637142024
2	26386187877	11019227	27413022733	298911532	637631553
2	26188378503	10936619	27852202675	300486409	637019727
2	25946246265	10835502	27343496855	299145786	637098992
2	24782539824	10349522	27341232051	299528011	637211468
2	25443828954	10625686	27506558326	299467564	637327326
2	25194872184	10521717	27285846730	299202161	637176167
2	25465614087	10634784	27295963788	299461354	637146473
2	25070521824	10469787	27150110294	299654178	637578872
2	25359733788	10590566	27117926525	299698115	637418904
2	24886826541	10393074	27316154251	300215352	637135171
2	25175781900	10513745	27337869590	300062309	637345703
2	25740381867	10749529	27449191612	300166508	636982619
2	26562370632	11092803	27746952726	295840984	637683448
2	25957709658	10840288	28064341812	296272683	637327689
2	26257893066	10965649	27859044633	295865938	637538578
2	25527867777	10660781	27636014487	296501711	637661931
2	25435359366	10622148	27514947339	296394885	637622865
2	25435039914	10622015	27488095869	296544863	637643297
2	25628412198	10702771	27497636166	295974643	637440596
2	25353750099	10588067	27440481517	296493134	637842910
2	25642342251	10708587	27514809985	296987646	637783548
2	25677459942	10723252	27710344871	296706087	637385178
2	25736356353	10747848	27340442065	296123696	637220897
2	25543523400	10667318	27478798043	296222792	637121810
2	25513028772	10654583	27242758357	295142959	637609531
2	25378171179	10598266	27416984366	295600434	637170558
2	26455086852	11048000	27474341191	295117303	637039850
2	25837671363	10790160	27453018971	294990755	637556495
2	26538483924	11082828	27663946986	295351836	637273253
2	25713326949	10738231	27503106271	294918109	637154392
2	25619383398	10698999	27488021922	295543909	637090470
2	26669192103	11137413	27409787191	295589416	637290321
