2	2067785193	863535	2497465854	35552809	60947475
3	2005946682	837711	2330501832	35565676	50349832
4	2003011797	836485	2336794223	39114728	42529651
5	2080853415	868993	2394511951	42882161	38560298
6	2260452804	943996	2584039732	47125300	35913809
7	2337576717	976204	2671623186	51585334	34155433
8	2493133137	1041166	2829575572	55335602	32759262
9	2623649577	1095671	2984782907	59905671	31701044
10	2677307838	1118080	3043513672	63282700	30731692
11	2823997971	1179340	3227269345	66899001	29944848
12	2937229434	1226627	3344079365	70926485	29290521
13	3192651978	1333295	3477037515	74102534	28826369
14	3349696128	1398879	3648230249	77315729	28350537
15	3426985056	1431156	3800182448	80550422	27991638
16	3554288331	1484320	3884884225	83538064	27700172
2	2490656865	1040132	2746390713	34985241	60995029
2	2143282319	826211	2520207057	35019765	60954557
2	2213929628	853445	2573892268	35235108	60927541
2	2268482069	874474	2616660507	35388392	60932376
2	2170006728	836513	2556790065	35214640	60914377
2	2182670469	841394	2560113039	35283178	60914546
2	2167542700	835563	2553594365	35208108	60916408
2	2211798686	852622	2575240379	35287928	60929105
2	2187583872	843288	2566217080	35277056	60949681
2	2176264913	838925	2567346735	35336676	60929332
2	2213115875	853131	2581355532	35210334	60955893
2	2187575373	843284	2565389223	35236217	60960044
2	2183416832	841681	2563488327	35184075	60978126
2	2222846415	856882	2575950904	35233238	60925231
2	2173403882	837822	2555464888	35151103	60923005
2	2225104421	857753	2578273487	35219895	60929219
2	2262639404	872222	2618043613	35372669	60945017
2	2189639403	844080	2561246286	35153943	60918206
2	2179255049	840078	2555582218	35202723	60903162
2	2234933824	861541	2594830419	35333832	60958960
2	2218095072	855050	2583235144	35193526	60919904
2	2229028114	859265	2571805434	35499298	60964574
2	2188640601	843696	2552549266	35206927	60951180
2	2145635908	827118	2523401493	35263387	60968594
2	2158349504	832019	2524724889	35235516	60964288
2	2182565043	841355	224851	140733540070160	39498088	140733540070432
2	2241686972	864146	231707	140734872454736	37364072	140734872455008
2	2283439863	880240	225572	140734804808208	22348136	140734804808480
2	2253128211	868556	222751	140733782473872	39170408	140733782474144
2	2289590507	882611	237065	140737235254832	17527144	140737235255104
2	2281477781	879484	239172	140735947309536	9490792	140735947309808
2	2237289693	862450	238788	140733812420176	11198824	140733812420448
4	2094584105	807439	172084	140733523756928	34902376	140733523757200
2	2246875815	866146	149265	140735520850864	11518312	140735520851136
2	2213110071	853129	214496	140737242349168	19206504	140737242349440
4	2013213645	776072	159957	140734069601024	11956584	140734069601296
4	2108511369	812807	184534	140736222373968	28619112	140736222374240
4	2036371845	784999	187160	140737350309472	14545256	140737350309744
