2	69502113	29025	86601104	2491978	7370
3	56104536	23431	65312206	1872254	5373
4	50224278	20975	58356762	1668424	4415
5	52762677	22035	60997819	1572256	4316
6	45237711	18892	52580166	1514259	3721
7	44211765	18465	51368786	1473014	3513
8	43438434	18142	50475420	1446562	3399
9	40715583	17004	49809638	1428083	3276
10	39916932	16670	49213299	1411210	3272
11	39551616	16517	48834134	1400472	3504
12	39756552	16603	48625936	1393766	3240
13	39390684	16450	48616581	1391620	3116
14	38982762	16280	48126679	1386395	2896
15	38995851	16286	48170000	1384377	3172
16	38842578	16221	48057497	1384593	2953
2	28454928	11884	32084253	1261547	1028
2	36162605	13941	38792710	1260019	1014
2	30027782	11576	35125046	1253042	577
2	30285181	11676	35384784	1253602	570
2	25603185	9870	30864197	1252872	548
2	25741464	9924	31282758	1252893	562
2	27404115	10565	32789339	1253009	549
2	25377277	9784	30827396	1252603	553
2	25563723	9856	30961244	1253021	563
2	25421384	9800	30816272	1253149	580
2	27957528	10779	33043450	1253464	579
2	25354905	9774	30776078	1252845	557
2	25512338	9835	30997238	1252877	563
2	26493994	10215	31691034	1253369	565
2	25423721	9801	30870883	1253292	557
2	26200648	10101	31299160	1253061	574
2	26359179	10163	31336740	1253495	562
2	26119987	10070	31408106	1253233	557
2	26199663	10101	31287371	1253157	573
2	27228700	10497	32480495	1253252	564
2	25165230	9702	30677848	1252908	552
2	36048064	13896	41067522	1254541	596
2	29826137	11498	35220229	1253802	587
2	28673773	11055	33977723	1253544	571
2	27829023	10729	31893868	1252754	577
2	27602435	10641	32762794	1253372	602
2	27383822	10557	31842338	1253308	576
2	25385750	9786	707	140733540070160	39498088	140733540070432
2	28317681	10916	320	140734872454736	37364072	140734872455008
2	26498253	10215	662	140734804808208	22348136	140734804808480
2	28971503	11169	1255	140733782473872	39170408	140733782474144
2	28098568	10833	2179	140737235254832	17527144	140737235255104
2	29808124	11492	1099	140735947309536	9490792	140735947309808
2	26923042	10379	1016	140733812420176	11198824	140733812420448
4	18304797	7057	1030	140733523756928	34902376	140733523757200
2	26284063	10133	909	140735520850864	11518312	140735520851136
2	28237356	10886	1816	140737242349168	19206504	140737242349440
4	17894855	6899	750	140734069601024	11956584	140734069601296
4	17996386	6938	828	140736222373968	28619112	140736222374240
4	18968245	7312	683	140737350309472	14545256	140737350309744
