algorithm=NaiveInteger blockSize=N/A heap=748139558 extra=4508538 stacks=1056 
algorithm=PreallocatedPrecomputed blockSize=1024 heap=744077536 extra=1580552 stacks=1040 
algorithm=PreallocatedPrecomputed blockSize=2048 heap=743882224 extra=1580552 stacks=1040 
algorithm=PreallocatedPrecomputed blockSize=3072 heap=743817120 extra=1580552 stacks=1040 
algorithm=PreallocatedPrecomputed blockSize=4096 heap=743784568 extra=1580544 stacks=1040 
algorithm=PreallocatedPrecomputed blockSize=5120 heap=743765036 extra=1580540 stacks=1040 
algorithm=PreallocatedPrecomputed blockSize=6144 heap=743752016 extra=1580552 stacks=1040 
algorithm=PreallocatedPrecomputed blockSize=7168 heap=743742714 extra=1580542 stacks=1040 
algorithm=PreallocatedPrecomputed blockSize=8192 heap=743735740 extra=1580540 stacks=1040 
algorithm=UnalignedPreallocatedPrecomputed blockSize=1024 heap=744077536 extra=1580552 stacks=1040 
algorithm=UnalignedPreallocatedPrecomputed blockSize=2048 heap=743882224 extra=1580552 stacks=1040 
algorithm=UnalignedPreallocatedPrecomputed blockSize=3072 heap=743817120 extra=1580552 stacks=1040 
algorithm=UnalignedPreallocatedPrecomputed blockSize=4096 heap=743784568 extra=1580544 stacks=1040 
algorithm=UnalignedPreallocatedPrecomputed blockSize=5120 heap=743765036 extra=1580540 stacks=1040 
algorithm=UnalignedPreallocatedPrecomputed blockSize=6144 heap=743752016 extra=1580552 stacks=1040 
algorithm=UnalignedPreallocatedPrecomputed blockSize=7168 heap=743742714 extra=1580542 stacks=1040 
algorithm=UnalignedPreallocatedPrecomputed blockSize=8192 heap=743735740 extra=1580540 stacks=1040 
algorithm=NaivePrecomputed blockSize=1024 heap=751867400 extra=4708976 stacks=2016 
algorithm=NaivePrecomputed blockSize=2048 heap=751694726 extra=4741170 stacks=2016 
algorithm=NaivePrecomputed blockSize=3072 heap=751638826 extra=4758734 stacks=2016 
algorithm=NaivePrecomputed blockSize=4096 heap=751614824 extra=4753136 stacks=2016 
algorithm=NaivePrecomputed blockSize=5120 heap=751603252 extra=4754276 stacks=2016 
algorithm=NaivePrecomputed blockSize=6144 heap=751588580 extra=4764612 stacks=2016 
algorithm=NaivePrecomputed blockSize=7168 heap=751583208 extra=4758544 stacks=2016 
algorithm=NaivePrecomputed blockSize=8192 heap=751578028 extra=4760700 stacks=2016 
algorithm=UnalignedNaivePrecomputed blockSize=1024 heap=751867400 extra=4708976 stacks=2032 
algorithm=UnalignedNaivePrecomputed blockSize=2048 heap=751694726 extra=4741170 stacks=2032 
algorithm=UnalignedNaivePrecomputed blockSize=3072 heap=751638826 extra=4758734 stacks=2032 
algorithm=UnalignedNaivePrecomputed blockSize=4096 heap=751614824 extra=4753136 stacks=2032 
algorithm=UnalignedNaivePrecomputed blockSize=5120 heap=751603252 extra=4754276 stacks=2032 
algorithm=UnalignedNaivePrecomputed blockSize=6144 heap=751588580 extra=4764612 stacks=2032 
algorithm=UnalignedNaivePrecomputed blockSize=7168 heap=751583208 extra=4758544 stacks=2032 
algorithm=UnalignedNaivePrecomputed blockSize=8192 heap=751578028 extra=4760700 stacks=2032 
