
algorithm=SimpleNaiveInteger	test=build	amount=100000000	alphabetSize=65536	skew=2	real_cycles=26995437332	wall_time=10406452	virt_cycles=27053999784	mem_size=835076	mem_resident=817552	mem_highwatermark=833376	PAPI_TOT_CYC=32052546245	PAPI_L1_DCM=396888037	PAPI_BR_MSP=825040078	
algorithm=SimpleNaiveInteger	test=build	amount=100000000	alphabetSize=65536	skew=2	real_cycles=26970578630	wall_time=10396868	virt_cycles=27029516571	mem_size=835076	mem_resident=817688	mem_highwatermark=834804	PAPI_TOT_CYC=32027377788	PAPI_L1_DCM=397004500	PAPI_BR_MSP=825268498	
algorithm=SimpleNaiveInteger	test=build	amount=100000000	alphabetSize=65536	skew=2	real_cycles=26882117453	wall_time=10362768	virt_cycles=26941725018	mem_size=835076	mem_resident=818560	mem_highwatermark=835800	PAPI_TOT_CYC=31963222320	PAPI_L1_DCM=396958358	PAPI_BR_MSP=825205275	
algorithm=SimpleNaiveInteger	test=build	amount=100000000	alphabetSize=65536	skew=2	real_cycles=26823420956	wall_time=10340142	virt_cycles=26883792945	mem_size=835076	mem_resident=818344	mem_highwatermark=834732	PAPI_TOT_CYC=31875369074	PAPI_L1_DCM=396427644	PAPI_BR_MSP=820765624	
algorithm=SimpleNaiveInteger	test=build	amount=100000000	alphabetSize=65536	skew=2	real_cycles=26878260904	wall_time=10361281	virt_cycles=26937930159	mem_size=835076	mem_resident=818188	mem_highwatermark=834808	PAPI_TOT_CYC=31946200024	PAPI_L1_DCM=396783496	PAPI_BR_MSP=825106028	

algorithm=NaivePrecomputed	test=build	amount=100000000	alphabetSize=65536	blockSize=8192	real_cycles=35974013322	wall_time=13867596	virt_cycles=36056336490	mem_size=832960	mem_resident=816368	mem_highwatermark=852504	PAPI_TOT_CYC=43139701512	PAPI_L1_DCM=397645924	PAPI_BR_MSP=826827299	
algorithm=NaivePrecomputed	test=build	amount=100000000	alphabetSize=65536	blockSize=8192	real_cycles=35999519634	wall_time=13877429	virt_cycles=36082164420	mem_size=832960	mem_resident=815464	mem_highwatermark=851100	PAPI_TOT_CYC=43175785631	PAPI_L1_DCM=397874121	PAPI_BR_MSP=826645814	
algorithm=NaivePrecomputed	test=build	amount=100000000	alphabetSize=65536	blockSize=8192	real_cycles=36065790664	wall_time=13902975	virt_cycles=36142845750	mem_size=832960	mem_resident=816124	mem_highwatermark=852924	PAPI_TOT_CYC=43183563640	PAPI_L1_DCM=397887337	PAPI_BR_MSP=826717684	
algorithm=NaivePrecomputed	test=build	amount=100000000	alphabetSize=65536	blockSize=8192	real_cycles=35943502828	wall_time=13855834	virt_cycles=36025761735	mem_size=832960	mem_resident=815808	mem_highwatermark=854420	PAPI_TOT_CYC=43139257381	PAPI_L1_DCM=398138591	PAPI_BR_MSP=827061367	
algorithm=NaivePrecomputed	test=build	amount=100000000	alphabetSize=65536	blockSize=8192	real_cycles=36000674780	wall_time=13877874	virt_cycles=36081108414	mem_size=832960	mem_resident=816320	mem_highwatermark=853568	PAPI_TOT_CYC=43175304385	PAPI_L1_DCM=398098977	PAPI_BR_MSP=826807675	
algorithm=NaivePrecomputed	test=build	amount=100000000	alphabetSize=65536	blockSize=16384	real_cycles=35983537084	wall_time=13871268	virt_cycles=36065783322	mem_size=835404	mem_resident=814196	mem_highwatermark=848132	PAPI_TOT_CYC=43157306576	PAPI_L1_DCM=397472055	PAPI_BR_MSP=826803374	
algorithm=NaivePrecomputed	test=build	amount=100000000	alphabetSize=65536	blockSize=16384	real_cycles=35988580833	wall_time=13873212	virt_cycles=36071268831	mem_size=835404	mem_resident=816376	mem_highwatermark=849596	PAPI_TOT_CYC=43158004244	PAPI_L1_DCM=397471015	PAPI_BR_MSP=826815243	
algorithm=NaivePrecomputed	test=build	amount=100000000	alphabetSize=65536	blockSize=16384	real_cycles=36004803932	wall_time=13879466	virt_cycles=36084716001	mem_size=835404	mem_resident=815060	mem_highwatermark=851468	PAPI_TOT_CYC=43155936898	PAPI_L1_DCM=397383287	PAPI_BR_MSP=826515998	
algorithm=NaivePrecomputed	test=build	amount=100000000	alphabetSize=65536	blockSize=16384	real_cycles=36001250602	wall_time=13878096	virt_cycles=36083901888	mem_size=835404	mem_resident=813992	mem_highwatermark=851380	PAPI_TOT_CYC=43146881665	PAPI_L1_DCM=397592753	PAPI_BR_MSP=826504804	
algorithm=NaivePrecomputed	test=build	amount=100000000	alphabetSize=65536	blockSize=16384	real_cycles=36023576908	wall_time=13886702	virt_cycles=36106143039	mem_size=835404	mem_resident=813952	mem_highwatermark=851772	PAPI_TOT_CYC=43186231270	PAPI_L1_DCM=397581644	PAPI_BR_MSP=826481629	
algorithm=NaivePrecomputed	test=build	amount=100000000	alphabetSize=65536	blockSize=24576	real_cycles=36013022870	wall_time=13882633	virt_cycles=36094539978	mem_size=838636	mem_resident=818288	mem_highwatermark=853452	PAPI_TOT_CYC=43167334383	PAPI_L1_DCM=397953010	PAPI_BR_MSP=826787819	
algorithm=NaivePrecomputed	test=build	amount=100000000	alphabetSize=65536	blockSize=24576	real_cycles=36055777565	wall_time=13899117	virt_cycles=36133528968	mem_size=838636	mem_resident=818700	mem_highwatermark=854532	PAPI_TOT_CYC=43157623316	PAPI_L1_DCM=397700044	PAPI_BR_MSP=826798926	
algorithm=NaivePrecomputed	test=build	amount=100000000	alphabetSize=65536	blockSize=24576	real_cycles=36013242696	wall_time=13882719	virt_cycles=36096095376	mem_size=838636	mem_resident=819688	mem_highwatermark=852952	PAPI_TOT_CYC=43167293198	PAPI_L1_DCM=397290969	PAPI_BR_MSP=826929368	
algorithm=NaivePrecomputed	test=build	amount=100000000	alphabetSize=65536	blockSize=24576	real_cycles=36020166618	wall_time=13885388	virt_cycles=36100342809	mem_size=838636	mem_resident=820948	mem_highwatermark=853600	PAPI_TOT_CYC=43163921816	PAPI_L1_DCM=397601446	PAPI_BR_MSP=826650190	
algorithm=NaivePrecomputed	test=build	amount=100000000	alphabetSize=65536	blockSize=24576	real_cycles=36001075138	wall_time=13878028	virt_cycles=36082983735	mem_size=838636	mem_resident=819220	mem_highwatermark=851816	PAPI_TOT_CYC=43158551741	PAPI_L1_DCM=397359832	PAPI_BR_MSP=826479714	
algorithm=NaivePrecomputed	test=build	amount=100000000	alphabetSize=65536	blockSize=32768	real_cycles=35966402091	wall_time=13864662	virt_cycles=36047027511	mem_size=833220	mem_resident=816024	mem_highwatermark=855100	PAPI_TOT_CYC=43163632527	PAPI_L1_DCM=397852844	PAPI_BR_MSP=827013257	
algorithm=NaivePrecomputed	test=build	amount=100000000	alphabetSize=65536	blockSize=32768	real_cycles=35904682216	wall_time=13840870	virt_cycles=35986491837	mem_size=833220	mem_resident=816884	mem_highwatermark=856692	PAPI_TOT_CYC=43095075754	PAPI_L1_DCM=398156575	PAPI_BR_MSP=824560415	
algorithm=NaivePrecomputed	test=build	amount=100000000	alphabetSize=65536	blockSize=32768	real_cycles=35917620919	wall_time=13845858	virt_cycles=35999717922	mem_size=833220	mem_resident=816932	mem_highwatermark=853736	PAPI_TOT_CYC=43128240396	PAPI_L1_DCM=398028223	PAPI_BR_MSP=826638339	
algorithm=NaivePrecomputed	test=build	amount=100000000	alphabetSize=65536	blockSize=32768	real_cycles=35978931588	wall_time=13869492	virt_cycles=36059759406	mem_size=833220	mem_resident=815712	mem_highwatermark=856476	PAPI_TOT_CYC=43157948942	PAPI_L1_DCM=397873498	PAPI_BR_MSP=826969521	
algorithm=NaivePrecomputed	test=build	amount=100000000	alphabetSize=65536	blockSize=32768	real_cycles=35982254036	wall_time=13870773	virt_cycles=36063203130	mem_size=833220	mem_resident=816160	mem_highwatermark=854936	PAPI_TOT_CYC=43132944699	PAPI_L1_DCM=397518127	PAPI_BR_MSP=826934483	
algorithm=NaivePrecomputed	test=build	amount=100000000	alphabetSize=65536	blockSize=40960	real_cycles=35973524502	wall_time=13867408	virt_cycles=36054627633	mem_size=831228	mem_resident=815008	mem_highwatermark=841012	PAPI_TOT_CYC=43145129278	PAPI_L1_DCM=397209606	PAPI_BR_MSP=826570755	
algorithm=NaivePrecomputed	test=build	amount=100000000	alphabetSize=65536	blockSize=40960	real_cycles=35988609686	wall_time=13873223	virt_cycles=36071008731	mem_size=831228	mem_resident=813428	mem_highwatermark=842084	PAPI_TOT_CYC=43135722656	PAPI_L1_DCM=397128907	PAPI_BR_MSP=826501637	
algorithm=NaivePrecomputed	test=build	amount=100000000	alphabetSize=65536	blockSize=40960	real_cycles=35970762149	wall_time=13866343	virt_cycles=36052765317	mem_size=831228	mem_resident=814396	mem_highwatermark=840520	PAPI_TOT_CYC=43135674809	PAPI_L1_DCM=396992354	PAPI_BR_MSP=826685161	
algorithm=NaivePrecomputed	test=build	amount=100000000	alphabetSize=65536	blockSize=40960	real_cycles=36057938378	wall_time=13899949	virt_cycles=36140249952	mem_size=831228	mem_resident=814872	mem_highwatermark=844380	PAPI_TOT_CYC=43208779293	PAPI_L1_DCM=397373028	PAPI_BR_MSP=827379176	
algorithm=NaivePrecomputed	test=build	amount=100000000	alphabetSize=65536	blockSize=40960	real_cycles=35978431886	wall_time=13869300	virt_cycles=36060664554	mem_size=831228	mem_resident=814756	mem_highwatermark=841144	PAPI_TOT_CYC=43149857374	PAPI_L1_DCM=397096237	PAPI_BR_MSP=826493436	
algorithm=NaivePrecomputed	test=build	amount=100000000	alphabetSize=65536	blockSize=49152	real_cycles=35951102555	wall_time=13858764	virt_cycles=36031278456	mem_size=830724	mem_resident=812724	mem_highwatermark=853712	PAPI_TOT_CYC=43114791564	PAPI_L1_DCM=397429602	PAPI_BR_MSP=826511507	
algorithm=NaivePrecomputed	test=build	amount=100000000	alphabetSize=65536	blockSize=49152	real_cycles=35974672552	wall_time=13867850	virt_cycles=36057623985	mem_size=830724	mem_resident=813708	mem_highwatermark=855196	PAPI_TOT_CYC=43152817020	PAPI_L1_DCM=397818307	PAPI_BR_MSP=826456648	
algorithm=NaivePrecomputed	test=build	amount=100000000	alphabetSize=65536	blockSize=49152	real_cycles=35977062472	wall_time=13868771	virt_cycles=36057780045	mem_size=830724	mem_resident=813036	mem_highwatermark=855144	PAPI_TOT_CYC=43141082550	PAPI_L1_DCM=397395343	PAPI_BR_MSP=826219339	
algorithm=NaivePrecomputed	test=build	amount=100000000	alphabetSize=65536	blockSize=49152	real_cycles=36045848618	wall_time=13895289	virt_cycles=36124820820	mem_size=830724	mem_resident=813968	mem_highwatermark=854564	PAPI_TOT_CYC=43169857318	PAPI_L1_DCM=398144716	PAPI_BR_MSP=826955254	
algorithm=NaivePrecomputed	test=build	amount=100000000	alphabetSize=65536	blockSize=49152	real_cycles=36006482717	wall_time=13880113	virt_cycles=36088346997	mem_size=830724	mem_resident=813464	mem_highwatermark=854588	PAPI_TOT_CYC=43180243947	PAPI_L1_DCM=397477598	PAPI_BR_MSP=826859994	
algorithm=NaivePrecomputed	test=build	amount=100000000	alphabetSize=65536	blockSize=57344	real_cycles=35969194820	wall_time=13865739	virt_cycles=36051017445	mem_size=836396	mem_resident=817928	mem_highwatermark=835236	PAPI_TOT_CYC=43162490089	PAPI_L1_DCM=397596085	PAPI_BR_MSP=826790142	
algorithm=NaivePrecomputed	test=build	amount=100000000	alphabetSize=65536	blockSize=57344	real_cycles=35934161135	wall_time=13852233	virt_cycles=36013557843	mem_size=836396	mem_resident=817828	mem_highwatermark=833788	PAPI_TOT_CYC=43130935875	PAPI_L1_DCM=397360788	PAPI_BR_MSP=826619383	
algorithm=NaivePrecomputed	test=build	amount=100000000	alphabetSize=65536	blockSize=57344	real_cycles=35952931112	wall_time=13859470	virt_cycles=36035731368	mem_size=836396	mem_resident=814728	mem_highwatermark=835032	PAPI_TOT_CYC=43129168384	PAPI_L1_DCM=397847711	PAPI_BR_MSP=826484081	
algorithm=NaivePrecomputed	test=build	amount=100000000	alphabetSize=65536	blockSize=57344	real_cycles=35948102285	wall_time=13857607	virt_cycles=36030831084	mem_size=836396	mem_resident=814740	mem_highwatermark=833360	PAPI_TOT_CYC=43152999579	PAPI_L1_DCM=397638150	PAPI_BR_MSP=826772465	
algorithm=NaivePrecomputed	test=build	amount=100000000	alphabetSize=65536	blockSize=57344	real_cycles=35954198870	wall_time=13859959	virt_cycles=36036087705	mem_size=836396	mem_resident=816892	mem_highwatermark=833856	PAPI_TOT_CYC=43156829178	PAPI_L1_DCM=397248620	PAPI_BR_MSP=826945325	
algorithm=NaivePrecomputed	test=build	amount=100000000	alphabetSize=65536	blockSize=65536	real_cycles=35964943571	wall_time=13864100	virt_cycles=36047050920	mem_size=836344	mem_resident=819776	mem_highwatermark=836420	PAPI_TOT_CYC=43139004777	PAPI_L1_DCM=396833986	PAPI_BR_MSP=826331936	
algorithm=NaivePrecomputed	test=build	amount=100000000	alphabetSize=65536	blockSize=65536	real_cycles=36075099257	wall_time=13906564	virt_cycles=36153005256	mem_size=836344	mem_resident=818212	mem_highwatermark=840504	PAPI_TOT_CYC=43187371314	PAPI_L1_DCM=397638088	PAPI_BR_MSP=827056505	
algorithm=NaivePrecomputed	test=build	amount=100000000	alphabetSize=65536	blockSize=65536	real_cycles=36022292982	wall_time=13886208	virt_cycles=36103024440	mem_size=836344	mem_resident=818684	mem_highwatermark=839836	PAPI_TOT_CYC=43174819338	PAPI_L1_DCM=397892396	PAPI_BR_MSP=826981556	
algorithm=NaivePrecomputed	test=build	amount=100000000	alphabetSize=65536	blockSize=65536	real_cycles=35969915641	wall_time=13866017	virt_cycles=36052848549	mem_size=836344	mem_resident=818120	mem_highwatermark=836544	PAPI_TOT_CYC=43140894488	PAPI_L1_DCM=397150585	PAPI_BR_MSP=826734720	
algorithm=NaivePrecomputed	test=build	amount=100000000	alphabetSize=65536	blockSize=65536	real_cycles=35960752452	wall_time=13862484	virt_cycles=36043178031	mem_size=836344	mem_resident=820000	mem_highwatermark=837396	PAPI_TOT_CYC=43123351581	PAPI_L1_DCM=397007753	PAPI_BR_MSP=826588444	

algorithm=UnalignedNaivePrecomputed	test=build	amount=100000000	alphabetSize=65536	blockSize=8192	real_cycles=39185256413	wall_time=15105497	virt_cycles=39275966133	mem_size=832964	mem_resident=815208	mem_highwatermark=851916	PAPI_TOT_CYC=47092979817	PAPI_L1_DCM=397257110	PAPI_BR_MSP=816697918	
algorithm=UnalignedNaivePrecomputed	test=build	amount=100000000	alphabetSize=65536	blockSize=8192	real_cycles=39141557818	wall_time=15088650	virt_cycles=39232659483	mem_size=832964	mem_resident=815696	mem_highwatermark=849988	PAPI_TOT_CYC=47072031992	PAPI_L1_DCM=397527117	PAPI_BR_MSP=816384274	
algorithm=UnalignedNaivePrecomputed	test=build	amount=100000000	alphabetSize=65536	blockSize=8192	real_cycles=39169278948	wall_time=15099337	virt_cycles=39260295108	mem_size=832964	mem_resident=815764	mem_highwatermark=853864	PAPI_TOT_CYC=47078242587	PAPI_L1_DCM=397938033	PAPI_BR_MSP=816329256	
algorithm=UnalignedNaivePrecomputed	test=build	amount=100000000	alphabetSize=65536	blockSize=8192	real_cycles=39176071754	wall_time=15101955	virt_cycles=39267221571	mem_size=832964	mem_resident=816448	mem_highwatermark=849880	PAPI_TOT_CYC=47075457631	PAPI_L1_DCM=397389506	PAPI_BR_MSP=816253901	
algorithm=UnalignedNaivePrecomputed	test=build	amount=100000000	alphabetSize=65536	blockSize=8192	real_cycles=39285800329	wall_time=15144255	virt_cycles=39373943202	mem_size=832964	mem_resident=815796	mem_highwatermark=854836	PAPI_TOT_CYC=47140475303	PAPI_L1_DCM=397798370	PAPI_BR_MSP=816367906	
algorithm=UnalignedNaivePrecomputed	test=build	amount=100000000	alphabetSize=65536	blockSize=16384	real_cycles=39244152459	wall_time=15128199	virt_cycles=39335024439	mem_size=835408	mem_resident=816988	mem_highwatermark=851752	PAPI_TOT_CYC=47135459713	PAPI_L1_DCM=397403315	PAPI_BR_MSP=816623511	
algorithm=UnalignedNaivePrecomputed	test=build	amount=100000000	alphabetSize=65536	blockSize=16384	real_cycles=39167368434	wall_time=15098601	virt_cycles=39258118071	mem_size=835408	mem_resident=816884	mem_highwatermark=848840	PAPI_TOT_CYC=47073325170	PAPI_L1_DCM=397432949	PAPI_BR_MSP=816659619	
algorithm=UnalignedNaivePrecomputed	test=build	amount=100000000	alphabetSize=65536	blockSize=16384	real_cycles=39197652178	wall_time=15110275	virt_cycles=39287280483	mem_size=835408	mem_resident=815680	mem_highwatermark=849572	PAPI_TOT_CYC=47084363061	PAPI_L1_DCM=397074310	PAPI_BR_MSP=816283861	
algorithm=UnalignedNaivePrecomputed	test=build	amount=100000000	alphabetSize=65536	blockSize=16384	real_cycles=39234906331	wall_time=15124635	virt_cycles=39325577607	mem_size=835408	mem_resident=816888	mem_highwatermark=850396	PAPI_TOT_CYC=47119082655	PAPI_L1_DCM=397695224	PAPI_BR_MSP=816050906	
algorithm=UnalignedNaivePrecomputed	test=build	amount=100000000	alphabetSize=65536	blockSize=16384	real_cycles=39242158762	wall_time=15127432	virt_cycles=39332699145	mem_size=835408	mem_resident=814380	mem_highwatermark=850348	PAPI_TOT_CYC=47129186321	PAPI_L1_DCM=397304813	PAPI_BR_MSP=816157234	
algorithm=UnalignedNaivePrecomputed	test=build	amount=100000000	alphabetSize=65536	blockSize=24576	real_cycles=39245314211	wall_time=15128648	virt_cycles=39336546024	mem_size=838640	mem_resident=821508	mem_highwatermark=852196	PAPI_TOT_CYC=47134832145	PAPI_L1_DCM=397439097	PAPI_BR_MSP=816620192	
algorithm=UnalignedNaivePrecomputed	test=build	amount=100000000	alphabetSize=65536	blockSize=24576	real_cycles=39246116962	wall_time=15128957	virt_cycles=39336122061	mem_size=838640	mem_resident=821244	mem_highwatermark=852580	PAPI_TOT_CYC=47133017744	PAPI_L1_DCM=397305053	PAPI_BR_MSP=816493776	
algorithm=UnalignedNaivePrecomputed	test=build	amount=100000000	alphabetSize=65536	blockSize=24576	real_cycles=39244642424	wall_time=15128388	virt_cycles=39332374020	mem_size=838640	mem_resident=821588	mem_highwatermark=851444	PAPI_TOT_CYC=47115868049	PAPI_L1_DCM=397206090	PAPI_BR_MSP=816460767	
algorithm=UnalignedNaivePrecomputed	test=build	amount=100000000	alphabetSize=65536	blockSize=24576	real_cycles=39212716241	wall_time=15116081	virt_cycles=39300974748	mem_size=838640	mem_resident=819580	mem_highwatermark=850092	PAPI_TOT_CYC=47094431304	PAPI_L1_DCM=397023242	PAPI_BR_MSP=816506948	
algorithm=UnalignedNaivePrecomputed	test=build	amount=100000000	alphabetSize=65536	blockSize=24576	real_cycles=39201143479	wall_time=15111620	virt_cycles=39292240590	mem_size=838640	mem_resident=818716	mem_highwatermark=853720	PAPI_TOT_CYC=47083779744	PAPI_L1_DCM=397383007	PAPI_BR_MSP=816442830	
algorithm=UnalignedNaivePrecomputed	test=build	amount=100000000	alphabetSize=65536	blockSize=32768	real_cycles=39153490067	wall_time=15093250	virt_cycles=39244616280	mem_size=833224	mem_resident=815412	mem_highwatermark=856136	PAPI_TOT_CYC=47075547830	PAPI_L1_DCM=397616919	PAPI_BR_MSP=816487779	
algorithm=UnalignedNaivePrecomputed	test=build	amount=100000000	alphabetSize=65536	blockSize=32768	real_cycles=39183931514	wall_time=15104986	virt_cycles=39274270281	mem_size=833224	mem_resident=816220	mem_highwatermark=856284	PAPI_TOT_CYC=47092352283	PAPI_L1_DCM=397447676	PAPI_BR_MSP=816987243	
algorithm=UnalignedNaivePrecomputed	test=build	amount=100000000	alphabetSize=65536	blockSize=32768	real_cycles=39178697722	wall_time=15102967	virt_cycles=39270439008	mem_size=833224	mem_resident=817012	mem_highwatermark=855468	PAPI_TOT_CYC=47106548352	PAPI_L1_DCM=397591694	PAPI_BR_MSP=816590495	
algorithm=UnalignedNaivePrecomputed	test=build	amount=100000000	alphabetSize=65536	blockSize=32768	real_cycles=39157999146	wall_time=15094989	virt_cycles=39248278488	mem_size=833224	mem_resident=816852	mem_highwatermark=855760	PAPI_TOT_CYC=47078870624	PAPI_L1_DCM=398047833	PAPI_BR_MSP=816136529	
algorithm=UnalignedNaivePrecomputed	test=build	amount=100000000	alphabetSize=65536	blockSize=32768	real_cycles=39129551006	wall_time=15084022	virt_cycles=39220684479	mem_size=833224	mem_resident=816876	mem_highwatermark=856416	PAPI_TOT_CYC=47066266054	PAPI_L1_DCM=397963209	PAPI_BR_MSP=816568388	
algorithm=UnalignedNaivePrecomputed	test=build	amount=100000000	alphabetSize=65536	blockSize=40960	real_cycles=39254770625	wall_time=15132293	virt_cycles=39343248801	mem_size=831232	mem_resident=814348	mem_highwatermark=844308	PAPI_TOT_CYC=47124568952	PAPI_L1_DCM=397134417	PAPI_BR_MSP=816284865	
algorithm=UnalignedNaivePrecomputed	test=build	amount=100000000	alphabetSize=65536	blockSize=40960	real_cycles=39175886560	wall_time=15101884	virt_cycles=39266844426	mem_size=831232	mem_resident=814012	mem_highwatermark=841484	PAPI_TOT_CYC=47080575341	PAPI_L1_DCM=396998221	PAPI_BR_MSP=816389982	
algorithm=UnalignedNaivePrecomputed	test=build	amount=100000000	alphabetSize=65536	blockSize=40960	real_cycles=39180848815	wall_time=15103797	virt_cycles=39272535414	mem_size=831232	mem_resident=814652	mem_highwatermark=844312	PAPI_TOT_CYC=47069864445	PAPI_L1_DCM=397210502	PAPI_BR_MSP=816200285	
algorithm=UnalignedNaivePrecomputed	test=build	amount=100000000	alphabetSize=65536	blockSize=40960	real_cycles=39181785817	wall_time=15104158	virt_cycles=39272795514	mem_size=831232	mem_resident=815140	mem_highwatermark=842424	PAPI_TOT_CYC=47068287251	PAPI_L1_DCM=397081266	PAPI_BR_MSP=816337883	
algorithm=UnalignedNaivePrecomputed	test=build	amount=100000000	alphabetSize=65536	blockSize=40960	real_cycles=39229609678	wall_time=15122594	virt_cycles=39319647327	mem_size=831232	mem_resident=815240	mem_highwatermark=843824	PAPI_TOT_CYC=47119853950	PAPI_L1_DCM=397480443	PAPI_BR_MSP=816273927	
algorithm=UnalignedNaivePrecomputed	test=build	amount=100000000	alphabetSize=65536	blockSize=49152	real_cycles=39191420883	wall_time=15107872	virt_cycles=39282429618	mem_size=830728	mem_resident=813480	mem_highwatermark=853032	PAPI_TOT_CYC=47106729369	PAPI_L1_DCM=397496887	PAPI_BR_MSP=816388380	
algorithm=UnalignedNaivePrecomputed	test=build	amount=100000000	alphabetSize=65536	blockSize=49152	real_cycles=39192175594	wall_time=15108164	virt_cycles=39282049872	mem_size=830728	mem_resident=813224	mem_highwatermark=854632	PAPI_TOT_CYC=47093853645	PAPI_L1_DCM=397217508	PAPI_BR_MSP=816632877	
algorithm=UnalignedNaivePrecomputed	test=build	amount=100000000	alphabetSize=65536	blockSize=49152	real_cycles=39180151331	wall_time=15103528	virt_cycles=39271247919	mem_size=830728	mem_resident=813292	mem_highwatermark=854500	PAPI_TOT_CYC=47091932478	PAPI_L1_DCM=397477744	PAPI_BR_MSP=816691779	
algorithm=UnalignedNaivePrecomputed	test=build	amount=100000000	alphabetSize=65536	blockSize=49152	real_cycles=39209404873	wall_time=15114805	virt_cycles=39297083652	mem_size=830728	mem_resident=813640	mem_highwatermark=854112	PAPI_TOT_CYC=47101681070	PAPI_L1_DCM=397486245	PAPI_BR_MSP=816328663	
algorithm=UnalignedNaivePrecomputed	test=build	amount=100000000	alphabetSize=65536	blockSize=49152	real_cycles=39154739124	wall_time=15093731	virt_cycles=39244496634	mem_size=830728	mem_resident=812836	mem_highwatermark=855220	PAPI_TOT_CYC=47075772340	PAPI_L1_DCM=397518809	PAPI_BR_MSP=816378534	
algorithm=UnalignedNaivePrecomputed	test=build	amount=100000000	alphabetSize=65536	blockSize=57344	real_cycles=39109247053	wall_time=15076195	virt_cycles=39199535748	mem_size=836400	mem_resident=818448	mem_highwatermark=833324	PAPI_TOT_CYC=47058079313	PAPI_L1_DCM=397521556	PAPI_BR_MSP=816462878	
algorithm=UnalignedNaivePrecomputed	test=build	amount=100000000	alphabetSize=65536	blockSize=57344	real_cycles=39167464570	wall_time=15098637	virt_cycles=39257540649	mem_size=836400	mem_resident=814688	mem_highwatermark=835224	PAPI_TOT_CYC=47081793010	PAPI_L1_DCM=397504945	PAPI_BR_MSP=816413978	
algorithm=UnalignedNaivePrecomputed	test=build	amount=100000000	alphabetSize=65536	blockSize=57344	real_cycles=39129525592	wall_time=15084012	virt_cycles=39220801524	mem_size=836400	mem_resident=816212	mem_highwatermark=834756	PAPI_TOT_CYC=47064224974	PAPI_L1_DCM=397141785	PAPI_BR_MSP=816273009	
algorithm=UnalignedNaivePrecomputed	test=build	amount=100000000	alphabetSize=65536	blockSize=57344	real_cycles=39136650843	wall_time=15086759	virt_cycles=39227845032	mem_size=836400	mem_resident=816840	mem_highwatermark=833344	PAPI_TOT_CYC=47059916666	PAPI_L1_DCM=397328040	PAPI_BR_MSP=816404568	
algorithm=UnalignedNaivePrecomputed	test=build	amount=100000000	alphabetSize=65536	blockSize=57344	real_cycles=39162130534	wall_time=15096581	virt_cycles=39253020111	mem_size=836400	mem_resident=815292	mem_highwatermark=835192	PAPI_TOT_CYC=47077836532	PAPI_L1_DCM=397292947	PAPI_BR_MSP=816364172	
algorithm=UnalignedNaivePrecomputed	test=build	amount=100000000	alphabetSize=65536	blockSize=65536	real_cycles=39210250274	wall_time=15115131	virt_cycles=39301281666	mem_size=836348	mem_resident=819504	mem_highwatermark=840232	PAPI_TOT_CYC=47090068024	PAPI_L1_DCM=396970059	PAPI_BR_MSP=816412373	
algorithm=UnalignedNaivePrecomputed	test=build	amount=100000000	alphabetSize=65536	blockSize=65536	real_cycles=39221255097	wall_time=15119372	virt_cycles=39309898779	mem_size=836348	mem_resident=818136	mem_highwatermark=835956	PAPI_TOT_CYC=47076835182	PAPI_L1_DCM=396992234	PAPI_BR_MSP=816402987	
algorithm=UnalignedNaivePrecomputed	test=build	amount=100000000	alphabetSize=65536	blockSize=65536	real_cycles=39245624406	wall_time=15128768	virt_cycles=39336415974	mem_size=836348	mem_resident=818884	mem_highwatermark=839368	PAPI_TOT_CYC=47117093977	PAPI_L1_DCM=397699509	PAPI_BR_MSP=816402332	
algorithm=UnalignedNaivePrecomputed	test=build	amount=100000000	alphabetSize=65536	blockSize=65536	real_cycles=39214153374	wall_time=15116635	virt_cycles=39305367837	mem_size=836348	mem_resident=818084	mem_highwatermark=840116	PAPI_TOT_CYC=47107630499	PAPI_L1_DCM=397862614	PAPI_BR_MSP=816244149	
algorithm=UnalignedNaivePrecomputed	test=build	amount=100000000	alphabetSize=65536	blockSize=65536	real_cycles=39220730856	wall_time=15119171	virt_cycles=39311771499	mem_size=836348	mem_resident=819492	mem_highwatermark=837764	PAPI_TOT_CYC=47109780668	PAPI_L1_DCM=396596965	PAPI_BR_MSP=816378217	

algorithm=PreallocatedPrecomputed	test=build	amount=100000000	alphabetSize=65536	blockSize=8192	real_cycles=46816882277	wall_time=18047406	virt_cycles=46929593304	mem_size=905204	mem_resident=885848	mem_highwatermark=986908	PAPI_TOT_CYC=56443779861	PAPI_L1_DCM=397572747	PAPI_BR_MSP=813784833	
algorithm=PreallocatedPrecomputed	test=build	amount=100000000	alphabetSize=65536	blockSize=8192	real_cycles=46888090381	wall_time=18074856	virt_cycles=47000454948	mem_size=905204	mem_resident=886180	mem_highwatermark=985636	PAPI_TOT_CYC=56519026002	PAPI_L1_DCM=397610431	PAPI_BR_MSP=813930387	
algorithm=PreallocatedPrecomputed	test=build	amount=100000000	alphabetSize=65536	blockSize=8192	real_cycles=46853453299	wall_time=18061504	virt_cycles=46965148974	mem_size=905204	mem_resident=884976	mem_highwatermark=984192	PAPI_TOT_CYC=56450966054	PAPI_L1_DCM=397547218	PAPI_BR_MSP=813968555	
algorithm=PreallocatedPrecomputed	test=build	amount=100000000	alphabetSize=65536	blockSize=8192	real_cycles=46893537137	wall_time=18076956	virt_cycles=47002247037	mem_size=905204	mem_resident=886516	mem_highwatermark=984368	PAPI_TOT_CYC=56486030436	PAPI_L1_DCM=398346469	PAPI_BR_MSP=813855933	
algorithm=PreallocatedPrecomputed	test=build	amount=100000000	alphabetSize=65536	blockSize=8192	real_cycles=46853383405	wall_time=18061476	virt_cycles=46964483118	mem_size=905204	mem_resident=884256	mem_highwatermark=984424	PAPI_TOT_CYC=56461963938	PAPI_L1_DCM=397367142	PAPI_BR_MSP=813783198	
algorithm=PreallocatedPrecomputed	test=build	amount=100000000	alphabetSize=65536	blockSize=16384	real_cycles=46794752259	wall_time=18038874	virt_cycles=46906886574	mem_size=905012	mem_resident=885332	mem_highwatermark=985712	PAPI_TOT_CYC=56430272365	PAPI_L1_DCM=397562051	PAPI_BR_MSP=813689945	
algorithm=PreallocatedPrecomputed	test=build	amount=100000000	alphabetSize=65536	blockSize=16384	real_cycles=46856735411	wall_time=18062769	virt_cycles=46968668127	mem_size=905012	mem_resident=884572	mem_highwatermark=984792	PAPI_TOT_CYC=56452082926	PAPI_L1_DCM=397616720	PAPI_BR_MSP=813815900	
algorithm=PreallocatedPrecomputed	test=build	amount=100000000	alphabetSize=65536	blockSize=16384	real_cycles=46857405793	wall_time=18063027	virt_cycles=46968946434	mem_size=905012	mem_resident=885360	mem_highwatermark=984608	PAPI_TOT_CYC=56457004776	PAPI_L1_DCM=398027380	PAPI_BR_MSP=813968493	
algorithm=PreallocatedPrecomputed	test=build	amount=100000000	alphabetSize=65536	blockSize=16384	real_cycles=46906350120	wall_time=18081895	virt_cycles=47018505888	mem_size=905012	mem_resident=884248	mem_highwatermark=984524	PAPI_TOT_CYC=56496443280	PAPI_L1_DCM=398105300	PAPI_BR_MSP=813924796	
algorithm=PreallocatedPrecomputed	test=build	amount=100000000	alphabetSize=65536	blockSize=16384	real_cycles=46877288034	wall_time=18070692	virt_cycles=46986750279	mem_size=905012	mem_resident=885164	mem_highwatermark=985216	PAPI_TOT_CYC=56471300214	PAPI_L1_DCM=397207197	PAPI_BR_MSP=813832766	
algorithm=PreallocatedPrecomputed	test=build	amount=100000000	alphabetSize=65536	blockSize=24576	real_cycles=46879278671	wall_time=18071460	virt_cycles=46990043145	mem_size=904948	mem_resident=884824	mem_highwatermark=986544	PAPI_TOT_CYC=56496144510	PAPI_L1_DCM=397682993	PAPI_BR_MSP=813921445	
algorithm=PreallocatedPrecomputed	test=build	amount=100000000	alphabetSize=65536	blockSize=24576	real_cycles=46873935166	wall_time=18069399	virt_cycles=46985998590	mem_size=904948	mem_resident=886120	mem_highwatermark=986360	PAPI_TOT_CYC=56470128413	PAPI_L1_DCM=398049501	PAPI_BR_MSP=813837367	
algorithm=PreallocatedPrecomputed	test=build	amount=100000000	alphabetSize=65536	blockSize=24576	real_cycles=46849706323	wall_time=18060059	virt_cycles=46962001764	mem_size=904948	mem_resident=885340	mem_highwatermark=984596	PAPI_TOT_CYC=56476350650	PAPI_L1_DCM=397874017	PAPI_BR_MSP=813695060	
algorithm=PreallocatedPrecomputed	test=build	amount=100000000	alphabetSize=65536	blockSize=24576	real_cycles=46847439178	wall_time=18059186	virt_cycles=46957639887	mem_size=904948	mem_resident=883500	mem_highwatermark=985900	PAPI_TOT_CYC=56450167539	PAPI_L1_DCM=397797206	PAPI_BR_MSP=813831543	
algorithm=PreallocatedPrecomputed	test=build	amount=100000000	alphabetSize=65536	blockSize=24576	real_cycles=46865233966	wall_time=18066045	virt_cycles=46977064155	mem_size=904948	mem_resident=884540	mem_highwatermark=983372	PAPI_TOT_CYC=56466861993	PAPI_L1_DCM=397370482	PAPI_BR_MSP=813690678	
algorithm=PreallocatedPrecomputed	test=build	amount=100000000	alphabetSize=65536	blockSize=32768	real_cycles=46851329431	wall_time=18060684	virt_cycles=46963557162	mem_size=904916	mem_resident=885520	mem_highwatermark=984996	PAPI_TOT_CYC=56458962001	PAPI_L1_DCM=397961254	PAPI_BR_MSP=813918900	
algorithm=PreallocatedPrecomputed	test=build	amount=100000000	alphabetSize=65536	blockSize=32768	real_cycles=46874357397	wall_time=18069562	virt_cycles=46982255751	mem_size=904916	mem_resident=886288	mem_highwatermark=986536	PAPI_TOT_CYC=56468906668	PAPI_L1_DCM=398136375	PAPI_BR_MSP=813907574	
algorithm=PreallocatedPrecomputed	test=build	amount=100000000	alphabetSize=65536	blockSize=32768	real_cycles=46858084890	wall_time=18063289	virt_cycles=46967354622	mem_size=904916	mem_resident=885548	mem_highwatermark=983972	PAPI_TOT_CYC=56472757102	PAPI_L1_DCM=397883643	PAPI_BR_MSP=813836975	
algorithm=PreallocatedPrecomputed	test=build	amount=100000000	alphabetSize=65536	blockSize=32768	real_cycles=46820875458	wall_time=18048945	virt_cycles=46933169679	mem_size=904916	mem_resident=885160	mem_highwatermark=985336	PAPI_TOT_CYC=56443065085	PAPI_L1_DCM=397848074	PAPI_BR_MSP=813745019	
algorithm=PreallocatedPrecomputed	test=build	amount=100000000	alphabetSize=65536	blockSize=32768	real_cycles=46850829884	wall_time=18060492	virt_cycles=46962571383	mem_size=904916	mem_resident=885056	mem_highwatermark=983904	PAPI_TOT_CYC=56467341706	PAPI_L1_DCM=397729342	PAPI_BR_MSP=813992924	
algorithm=PreallocatedPrecomputed	test=build	amount=100000000	alphabetSize=65536	blockSize=40960	real_cycles=46830949084	wall_time=18052829	virt_cycles=46943750547	mem_size=904896	mem_resident=884276	mem_highwatermark=983456	PAPI_TOT_CYC=56470587544	PAPI_L1_DCM=398490909	PAPI_BR_MSP=814185164	
algorithm=PreallocatedPrecomputed	test=build	amount=100000000	alphabetSize=65536	blockSize=40960	real_cycles=46864546485	wall_time=18065780	virt_cycles=46975659615	mem_size=904896	mem_resident=884200	mem_highwatermark=984620	PAPI_TOT_CYC=56481065961	PAPI_L1_DCM=397675642	PAPI_BR_MSP=814046461	
algorithm=PreallocatedPrecomputed	test=build	amount=100000000	alphabetSize=65536	blockSize=40960	real_cycles=46844287178	wall_time=18057970	virt_cycles=46953525105	mem_size=904896	mem_resident=883816	mem_highwatermark=985588	PAPI_TOT_CYC=56453795001	PAPI_L1_DCM=397459372	PAPI_BR_MSP=813827795	
algorithm=PreallocatedPrecomputed	test=build	amount=100000000	alphabetSize=65536	blockSize=40960	real_cycles=46893854771	wall_time=18077078	virt_cycles=47001159819	mem_size=904896	mem_resident=884544	mem_highwatermark=984612	PAPI_TOT_CYC=56454333718	PAPI_L1_DCM=397307133	PAPI_BR_MSP=813997250	
algorithm=PreallocatedPrecomputed	test=build	amount=100000000	alphabetSize=65536	blockSize=40960	real_cycles=46887806212	wall_time=18074746	virt_cycles=46983886578	mem_size=904896	mem_resident=884040	mem_highwatermark=984508	PAPI_TOT_CYC=56466988710	PAPI_L1_DCM=397449246	PAPI_BR_MSP=813995703	
algorithm=PreallocatedPrecomputed	test=build	amount=100000000	alphabetSize=65536	blockSize=49152	real_cycles=46902675958	wall_time=18080479	virt_cycles=46999562805	mem_size=904884	mem_resident=885944	mem_highwatermark=984960	PAPI_TOT_CYC=56474619125	PAPI_L1_DCM=398374223	PAPI_BR_MSP=813900721	
algorithm=PreallocatedPrecomputed	test=build	amount=100000000	alphabetSize=65536	blockSize=49152	real_cycles=46843943657	wall_time=18057838	virt_cycles=46956386205	mem_size=904884	mem_resident=885240	mem_highwatermark=985460	PAPI_TOT_CYC=56453025553	PAPI_L1_DCM=397654101	PAPI_BR_MSP=813786964	
algorithm=PreallocatedPrecomputed	test=build	amount=100000000	alphabetSize=65536	blockSize=49152	real_cycles=46846874819	wall_time=18058968	virt_cycles=46957902588	mem_size=904884	mem_resident=882588	mem_highwatermark=984824	PAPI_TOT_CYC=56453661103	PAPI_L1_DCM=398312149	PAPI_BR_MSP=814008057	
algorithm=PreallocatedPrecomputed	test=build	amount=100000000	alphabetSize=65536	blockSize=49152	real_cycles=46866756658	wall_time=18066632	virt_cycles=46978416675	mem_size=904884	mem_resident=885764	mem_highwatermark=983264	PAPI_TOT_CYC=56450645879	PAPI_L1_DCM=398098053	PAPI_BR_MSP=813905915	
algorithm=PreallocatedPrecomputed	test=build	amount=100000000	alphabetSize=65536	blockSize=49152	real_cycles=46933638128	wall_time=18092414	virt_cycles=47040016158	mem_size=904884	mem_resident=885964	mem_highwatermark=982732	PAPI_TOT_CYC=56521926173	PAPI_L1_DCM=398046491	PAPI_BR_MSP=813994820	
algorithm=PreallocatedPrecomputed	test=build	amount=100000000	alphabetSize=65536	blockSize=57344	real_cycles=46863546259	wall_time=18065394	virt_cycles=46970389989	mem_size=904876	mem_resident=882564	mem_highwatermark=984596	PAPI_TOT_CYC=56460330199	PAPI_L1_DCM=397756889	PAPI_BR_MSP=813966767	
algorithm=PreallocatedPrecomputed	test=build	amount=100000000	alphabetSize=65536	blockSize=57344	real_cycles=46860949687	wall_time=18064393	virt_cycles=46969955622	mem_size=904876	mem_resident=884476	mem_highwatermark=984260	PAPI_TOT_CYC=56477636953	PAPI_L1_DCM=398490630	PAPI_BR_MSP=813972138	
algorithm=PreallocatedPrecomputed	test=build	amount=100000000	alphabetSize=65536	blockSize=57344	real_cycles=46851118979	wall_time=18060604	virt_cycles=46961455554	mem_size=904876	mem_resident=884120	mem_highwatermark=984060	PAPI_TOT_CYC=56471667474	PAPI_L1_DCM=397713780	PAPI_BR_MSP=813775405	
algorithm=PreallocatedPrecomputed	test=build	amount=100000000	alphabetSize=65536	blockSize=57344	real_cycles=46878552046	wall_time=18071179	virt_cycles=46976481531	mem_size=904876	mem_resident=884232	mem_highwatermark=982748	PAPI_TOT_CYC=56462520775	PAPI_L1_DCM=397164478	PAPI_BR_MSP=813715415	
algorithm=PreallocatedPrecomputed	test=build	amount=100000000	alphabetSize=65536	blockSize=57344	real_cycles=46829203076	wall_time=18052155	virt_cycles=46940189778	mem_size=904876	mem_resident=884424	mem_highwatermark=984616	PAPI_TOT_CYC=56436531578	PAPI_L1_DCM=398238289	PAPI_BR_MSP=813913803	
algorithm=PreallocatedPrecomputed	test=build	amount=100000000	alphabetSize=65536	blockSize=65536	real_cycles=46856502371	wall_time=18062679	virt_cycles=46968356007	mem_size=904868	mem_resident=884000	mem_highwatermark=982964	PAPI_TOT_CYC=56454837666	PAPI_L1_DCM=397403809	PAPI_BR_MSP=813863188	
algorithm=PreallocatedPrecomputed	test=build	amount=100000000	alphabetSize=65536	blockSize=65536	real_cycles=46914367417	wall_time=18084986	virt_cycles=47022891174	mem_size=904868	mem_resident=886048	mem_highwatermark=986012	PAPI_TOT_CYC=56483966786	PAPI_L1_DCM=397952243	PAPI_BR_MSP=813755663	
algorithm=PreallocatedPrecomputed	test=build	amount=100000000	alphabetSize=65536	blockSize=65536	real_cycles=46877506298	wall_time=18070775	virt_cycles=46989655596	mem_size=904868	mem_resident=884496	mem_highwatermark=983236	PAPI_TOT_CYC=56472886809	PAPI_L1_DCM=397566272	PAPI_BR_MSP=813861316	
algorithm=PreallocatedPrecomputed	test=build	amount=100000000	alphabetSize=65536	blockSize=65536	real_cycles=46875342060	wall_time=18069942	virt_cycles=46987215858	mem_size=904868	mem_resident=885632	mem_highwatermark=983692	PAPI_TOT_CYC=56486250209	PAPI_L1_DCM=397667485	PAPI_BR_MSP=814172880	
algorithm=PreallocatedPrecomputed	test=build	amount=100000000	alphabetSize=65536	blockSize=65536	real_cycles=46875240606	wall_time=18069902	virt_cycles=46978310034	mem_size=904868	mem_resident=883872	mem_highwatermark=984268	PAPI_TOT_CYC=56455589350	PAPI_L1_DCM=397453717	PAPI_BR_MSP=813713798	

algorithm=UnalignedPreallocatedPrecomputed	test=build	amount=100000000	alphabetSize=65536	blockSize=8192	real_cycles=46500812794	wall_time=17925565	virt_cycles=46611264717	mem_size=905204	mem_resident=884780	mem_highwatermark=986924	mem_heap=886840	PAPI_TOT_CYC=56036018630	PAPI_L1_DCM=397612765	PAPI_BR_MSP=814700787	
algorithm=UnalignedPreallocatedPrecomputed	test=build	amount=100000000	alphabetSize=65536	blockSize=8192	real_cycles=46484125026	wall_time=17919132	virt_cycles=46580885037	mem_size=905204	mem_resident=884120	mem_highwatermark=985524	mem_heap=886840	PAPI_TOT_CYC=55997153913	PAPI_L1_DCM=397045901	PAPI_BR_MSP=814025722	
algorithm=UnalignedPreallocatedPrecomputed	test=build	amount=100000000	alphabetSize=65536	blockSize=8192	real_cycles=46559084433	wall_time=17948027	virt_cycles=46667693412	mem_size=905204	mem_resident=886512	mem_highwatermark=984680	mem_heap=886840	PAPI_TOT_CYC=56048029735	PAPI_L1_DCM=398045353	PAPI_BR_MSP=814518106	
algorithm=UnalignedPreallocatedPrecomputed	test=build	amount=100000000	alphabetSize=65536	blockSize=8192	real_cycles=46499471015	wall_time=17925048	virt_cycles=46604996307	mem_size=905204	mem_resident=885676	mem_highwatermark=984144	mem_heap=886840	PAPI_TOT_CYC=56014278928	PAPI_L1_DCM=397718761	PAPI_BR_MSP=814053514	
algorithm=UnalignedPreallocatedPrecomputed	test=build	amount=100000000	alphabetSize=65536	blockSize=8192	real_cycles=46485952116	wall_time=17919836	virt_cycles=46597742118	mem_size=905204	mem_resident=886508	mem_highwatermark=986860	mem_heap=886840	PAPI_TOT_CYC=56023962561	PAPI_L1_DCM=397941957	PAPI_BR_MSP=814377283	
algorithm=UnalignedPreallocatedPrecomputed	test=build	amount=100000000	alphabetSize=65536	blockSize=16384	real_cycles=46506894818	wall_time=17927909	virt_cycles=46616305455	mem_size=905012	mem_resident=885220	mem_highwatermark=984504	mem_heap=886648	PAPI_TOT_CYC=56022825491	PAPI_L1_DCM=397537655	PAPI_BR_MSP=814304162	
algorithm=UnalignedPreallocatedPrecomputed	test=build	amount=100000000	alphabetSize=65536	blockSize=16384	real_cycles=46465540943	wall_time=17911967	virt_cycles=46576941921	mem_size=905012	mem_resident=884980	mem_highwatermark=985880	mem_heap=886648	PAPI_TOT_CYC=56006474454	PAPI_L1_DCM=397618718	PAPI_BR_MSP=814029927	
algorithm=UnalignedPreallocatedPrecomputed	test=build	amount=100000000	alphabetSize=65536	blockSize=16384	real_cycles=46494740364	wall_time=17923224	virt_cycles=46605461886	mem_size=905012	mem_resident=885776	mem_highwatermark=983364	mem_heap=886648	PAPI_TOT_CYC=56014499478	PAPI_L1_DCM=397721868	PAPI_BR_MSP=814276480	
algorithm=UnalignedPreallocatedPrecomputed	test=build	amount=100000000	alphabetSize=65536	blockSize=16384	real_cycles=46545265670	wall_time=17942700	virt_cycles=46655138385	mem_size=905012	mem_resident=885008	mem_highwatermark=985100	mem_heap=886648	PAPI_TOT_CYC=56069013598	PAPI_L1_DCM=397559241	PAPI_BR_MSP=814747954	
algorithm=UnalignedPreallocatedPrecomputed	test=build	amount=100000000	alphabetSize=65536	blockSize=16384	real_cycles=46497717997	wall_time=17924372	virt_cycles=46603929897	mem_size=905012	mem_resident=883644	mem_highwatermark=982808	mem_heap=886648	PAPI_TOT_CYC=55996630202	PAPI_L1_DCM=397298158	PAPI_BR_MSP=813907560	
algorithm=UnalignedPreallocatedPrecomputed	test=build	amount=100000000	alphabetSize=65536	blockSize=24576	real_cycles=46507415058	wall_time=17928109	virt_cycles=46618349841	mem_size=904948	mem_resident=885596	mem_highwatermark=983220	mem_heap=886584	PAPI_TOT_CYC=56040972041	PAPI_L1_DCM=397629127	PAPI_BR_MSP=814007693	
algorithm=UnalignedPreallocatedPrecomputed	test=build	amount=100000000	alphabetSize=65536	blockSize=24576	real_cycles=46526591647	wall_time=17935501	virt_cycles=46637693478	mem_size=904948	mem_resident=884336	mem_highwatermark=982992	mem_heap=886584	PAPI_TOT_CYC=56048387557	PAPI_L1_DCM=397017733	PAPI_BR_MSP=814680909	
algorithm=UnalignedPreallocatedPrecomputed	test=build	amount=100000000	alphabetSize=65536	blockSize=24576	real_cycles=46487925738	wall_time=17920597	virt_cycles=46599045219	mem_size=904948	mem_resident=885208	mem_highwatermark=984940	mem_heap=886584	PAPI_TOT_CYC=56027627598	PAPI_L1_DCM=398361114	PAPI_BR_MSP=814535788	
algorithm=UnalignedPreallocatedPrecomputed	test=build	amount=100000000	alphabetSize=65536	blockSize=24576	real_cycles=46473543714	wall_time=17915052	virt_cycles=46585756710	mem_size=904948	mem_resident=885408	mem_highwatermark=985440	mem_heap=886584	PAPI_TOT_CYC=55987972138	PAPI_L1_DCM=397442676	PAPI_BR_MSP=813733065	
algorithm=UnalignedPreallocatedPrecomputed	test=build	amount=100000000	alphabetSize=65536	blockSize=24576	real_cycles=46485517878	wall_time=17919669	virt_cycles=46595767959	mem_size=904948	mem_resident=885840	mem_highwatermark=986432	mem_heap=886584	PAPI_TOT_CYC=56028593070	PAPI_L1_DCM=397845167	PAPI_BR_MSP=814050778	
algorithm=UnalignedPreallocatedPrecomputed	test=build	amount=100000000	alphabetSize=65536	blockSize=32768	real_cycles=46523919064	wall_time=17934472	virt_cycles=46629682398	mem_size=904916	mem_resident=885416	mem_highwatermark=983300	mem_heap=886552	PAPI_TOT_CYC=56042627792	PAPI_L1_DCM=397653759	PAPI_BR_MSP=814010134	
algorithm=UnalignedPreallocatedPrecomputed	test=build	amount=100000000	alphabetSize=65536	blockSize=32768	real_cycles=46545516905	wall_time=17942798	virt_cycles=46652826096	mem_size=904916	mem_resident=883248	mem_highwatermark=985724	mem_heap=886552	PAPI_TOT_CYC=56040749104	PAPI_L1_DCM=397379663	PAPI_BR_MSP=814055900	
algorithm=UnalignedPreallocatedPrecomputed	test=build	amount=100000000	alphabetSize=65536	blockSize=32768	real_cycles=46465904512	wall_time=17912108	virt_cycles=46578185199	mem_size=904916	mem_resident=885428	mem_highwatermark=982760	mem_heap=886552	PAPI_TOT_CYC=56000606072	PAPI_L1_DCM=397387194	PAPI_BR_MSP=814454090	
algorithm=UnalignedPreallocatedPrecomputed	test=build	amount=100000000	alphabetSize=65536	blockSize=32768	real_cycles=46439935926	wall_time=17902097	virt_cycles=46551116592	mem_size=904916	mem_resident=884692	mem_highwatermark=985144	mem_heap=886552	PAPI_TOT_CYC=55992837788	PAPI_L1_DCM=397334120	PAPI_BR_MSP=814036954	
algorithm=UnalignedPreallocatedPrecomputed	test=build	amount=100000000	alphabetSize=65536	blockSize=32768	real_cycles=46488995236	wall_time=17921009	virt_cycles=46599713676	mem_size=904916	mem_resident=884428	mem_highwatermark=983996	mem_heap=886552	PAPI_TOT_CYC=56014096731	PAPI_L1_DCM=397320910	PAPI_BR_MSP=814163506	
algorithm=UnalignedPreallocatedPrecomputed	test=build	amount=100000000	alphabetSize=65536	blockSize=40960	real_cycles=46476830810	wall_time=17916319	virt_cycles=46588102812	mem_size=904896	mem_resident=885240	mem_highwatermark=986508	mem_heap=886532	PAPI_TOT_CYC=55992919745	PAPI_L1_DCM=397523970	PAPI_BR_MSP=814110943	
algorithm=UnalignedPreallocatedPrecomputed	test=build	amount=100000000	alphabetSize=65536	blockSize=40960	real_cycles=46517647705	wall_time=17932054	virt_cycles=46624597443	mem_size=904896	mem_resident=883972	mem_highwatermark=983492	mem_heap=886532	PAPI_TOT_CYC=56036130034	PAPI_L1_DCM=397494646	PAPI_BR_MSP=814747317	
algorithm=UnalignedPreallocatedPrecomputed	test=build	amount=100000000	alphabetSize=65536	blockSize=40960	real_cycles=46543221165	wall_time=17941912	virt_cycles=46651543803	mem_size=904896	mem_resident=885956	mem_highwatermark=984620	mem_heap=886532	PAPI_TOT_CYC=56019153073	PAPI_L1_DCM=398226956	PAPI_BR_MSP=813916508	
algorithm=UnalignedPreallocatedPrecomputed	test=build	amount=100000000	alphabetSize=65536	blockSize=40960	real_cycles=46445485019	wall_time=17904236	virt_cycles=46553259816	mem_size=904896	mem_resident=882696	mem_highwatermark=985020	mem_heap=886532	PAPI_TOT_CYC=55977427795	PAPI_L1_DCM=397668355	PAPI_BR_MSP=813836401	
algorithm=UnalignedPreallocatedPrecomputed	test=build	amount=100000000	alphabetSize=65536	blockSize=40960	real_cycles=46482120661	wall_time=17918359	virt_cycles=46586940165	mem_size=904896	mem_resident=884132	mem_highwatermark=984768	mem_heap=886532	PAPI_TOT_CYC=55992080356	PAPI_L1_DCM=397503373	PAPI_BR_MSP=813846401	
algorithm=UnalignedPreallocatedPrecomputed	test=build	amount=100000000	alphabetSize=65536	blockSize=49152	real_cycles=46501535565	wall_time=17925843	virt_cycles=46610385579	mem_size=904884	mem_resident=885296	mem_highwatermark=988560	mem_heap=886520	PAPI_TOT_CYC=56028871181	PAPI_L1_DCM=397644245	PAPI_BR_MSP=813859475	
algorithm=UnalignedPreallocatedPrecomputed	test=build	amount=100000000	alphabetSize=65536	blockSize=49152	real_cycles=46538853816	wall_time=17940229	virt_cycles=46642354470	mem_size=904884	mem_resident=884060	mem_highwatermark=984568	mem_heap=886520	PAPI_TOT_CYC=56038574450	PAPI_L1_DCM=398515984	PAPI_BR_MSP=814346960	
algorithm=UnalignedPreallocatedPrecomputed	test=build	amount=100000000	alphabetSize=65536	blockSize=49152	real_cycles=46561823909	wall_time=17949083	virt_cycles=46670765193	mem_size=904884	mem_resident=886040	mem_highwatermark=983764	mem_heap=886520	PAPI_TOT_CYC=56091017514	PAPI_L1_DCM=398006497	PAPI_BR_MSP=813791266	
algorithm=UnalignedPreallocatedPrecomputed	test=build	amount=100000000	alphabetSize=65536	blockSize=49152	real_cycles=46472062716	wall_time=17914482	virt_cycles=46570418613	mem_size=904884	mem_resident=882608	mem_highwatermark=985436	mem_heap=886520	PAPI_TOT_CYC=55999560414	PAPI_L1_DCM=397906745	PAPI_BR_MSP=813963712	
algorithm=UnalignedPreallocatedPrecomputed	test=build	amount=100000000	alphabetSize=65536	blockSize=49152	real_cycles=46528017247	wall_time=17936051	virt_cycles=46636312347	mem_size=904884	mem_resident=884796	mem_highwatermark=985472	mem_heap=886520	PAPI_TOT_CYC=56036876862	PAPI_L1_DCM=397751741	PAPI_BR_MSP=814075124	
algorithm=UnalignedPreallocatedPrecomputed	test=build	amount=100000000	alphabetSize=65536	blockSize=57344	real_cycles=46465314610	wall_time=17911880	virt_cycles=46575623214	mem_size=904876	mem_resident=884868	mem_highwatermark=982712	mem_heap=886512	PAPI_TOT_CYC=56006119858	PAPI_L1_DCM=397465272	PAPI_BR_MSP=814442664	
algorithm=UnalignedPreallocatedPrecomputed	test=build	amount=100000000	alphabetSize=65536	blockSize=57344	real_cycles=46512078071	wall_time=17929908	virt_cycles=46615988133	mem_size=904876	mem_resident=884320	mem_highwatermark=984236	mem_heap=886512	PAPI_TOT_CYC=56015317566	PAPI_L1_DCM=397574457	PAPI_BR_MSP=813863037	
algorithm=UnalignedPreallocatedPrecomputed	test=build	amount=100000000	alphabetSize=65536	blockSize=57344	real_cycles=46457732534	wall_time=17908958	virt_cycles=46565398683	mem_size=904876	mem_resident=883508	mem_highwatermark=982872	mem_heap=886512	PAPI_TOT_CYC=55989966153	PAPI_L1_DCM=397874833	PAPI_BR_MSP=814100500	
algorithm=UnalignedPreallocatedPrecomputed	test=build	amount=100000000	alphabetSize=65536	blockSize=57344	real_cycles=46464193424	wall_time=17911448	virt_cycles=46575438543	mem_size=904876	mem_resident=884776	mem_highwatermark=985676	mem_heap=886512	PAPI_TOT_CYC=56010477602	PAPI_L1_DCM=397787231	PAPI_BR_MSP=813901288	
algorithm=UnalignedPreallocatedPrecomputed	test=build	amount=100000000	alphabetSize=65536	blockSize=57344	real_cycles=46507744325	wall_time=17928236	virt_cycles=46618401861	mem_size=904876	mem_resident=885328	mem_highwatermark=983740	mem_heap=886512	PAPI_TOT_CYC=56022166776	PAPI_L1_DCM=397948989	PAPI_BR_MSP=814498696	
algorithm=UnalignedPreallocatedPrecomputed	test=build	amount=100000000	alphabetSize=65536	blockSize=65536	real_cycles=46478331119	wall_time=17916898	virt_cycles=46589481342	mem_size=904868	mem_resident=883640	mem_highwatermark=986172	mem_heap=886504	PAPI_TOT_CYC=56007908486	PAPI_L1_DCM=397369247	PAPI_BR_MSP=814471706	
algorithm=UnalignedPreallocatedPrecomputed	test=build	amount=100000000	alphabetSize=65536	blockSize=65536	real_cycles=46545871984	wall_time=17942935	virt_cycles=46643072346	mem_size=904868	mem_resident=885352	mem_highwatermark=985564	mem_heap=886504	PAPI_TOT_CYC=56027633640	PAPI_L1_DCM=397690430	PAPI_BR_MSP=814780728	
algorithm=UnalignedPreallocatedPrecomputed	test=build	amount=100000000	alphabetSize=65536	blockSize=65536	real_cycles=46501020216	wall_time=17925644	virt_cycles=46612474182	mem_size=904868	mem_resident=884080	mem_highwatermark=984284	mem_heap=886504	PAPI_TOT_CYC=56016244674	PAPI_L1_DCM=397349335	PAPI_BR_MSP=814646481	
algorithm=UnalignedPreallocatedPrecomputed	test=build	amount=100000000	alphabetSize=65536	blockSize=65536	real_cycles=46526096627	wall_time=17935311	virt_cycles=46637969184	mem_size=904868	mem_resident=885540	mem_highwatermark=984872	mem_heap=886504	PAPI_TOT_CYC=56032390418	PAPI_L1_DCM=398227432	PAPI_BR_MSP=814413879	
algorithm=UnalignedPreallocatedPrecomputed	test=build	amount=100000000	alphabetSize=65536	blockSize=65536	real_cycles=46517118047	wall_time=17931850	virt_cycles=46613631627	mem_size=904868	mem_resident=884164	mem_highwatermark=983720	mem_heap=886504	PAPI_TOT_CYC=56019072437	PAPI_L1_DCM=397598982	PAPI_BR_MSP=814403529	

